Info) VMD for LINUXAMD64, version 1.9.3 (November 30, 2016)
Info) http://www.ks.uiuc.edu/Research/vmd/                         
Info) Email questions and bug reports to vmd@ks.uiuc.edu           
Info) Please include this reference in published work using VMD:   
Info)    Humphrey, W., Dalke, A. and Schulten, K., `VMD - Visual   
Info)    Molecular Dynamics', J. Molec. Graphics 1996, 14.1, 33-38.
Info) -------------------------------------------------------------
Info) Multithreading available, 4 CPUs detected.
Info)   CPU features: SSE2 AVX 
Info) Free system memory: 13GB (85%)
Info) No CUDA accelerator devices available.
Info) Dynamically loaded 2 plugins in directory:
Info) /net/opt/vmd/vmd-1.9.3/lib/plugins/LINUXAMD64/molfile
/net/opt/vmd/vmd-1.9.3/lib/scripts/tcl8.5 /net/opt/vmd/vmd-1.9.3/lib/scripts /net/opt/vmd/vmd-1.9.3/lib /Projects/johns/tcl/8.5.6/lib_LINUXAMD64/lib /net/opt/vmd/vmd-1.9.3/lib/scripts/vmd /net/opt/vmd/vmd-1.9.3/lib/plugins/LINUXAMD64/tcl /net/opt/vmd/vmd-1.9.3/lib/plugins/noarch/tcl /home/bertalae93/Documents/vmd_scripts/la1.0
/net/opt/vmd/vmd-1.9.3/lib/scripts/tcl8.5 /net/opt/vmd/vmd-1.9.3/lib/scripts /net/opt/vmd/vmd-1.9.3/lib /Projects/johns/tcl/8.5.6/lib_LINUXAMD64/lib /net/opt/vmd/vmd-1.9.3/lib/scripts/vmd /net/opt/vmd/vmd-1.9.3/lib/plugins/LINUXAMD64/tcl /net/opt/vmd/vmd-1.9.3/lib/plugins/noarch/tcl /home/bertalae93/Documents/vmd_scripts/la1.0 /home/bertalae93/Documents/vmd_scripts/orient
6b73B
psfplugin) Detected a Charmm PSF file
psfplugin) Detected a Charmm PSF EXTEnded file
Info) Using plugin psf for structure file ../../6b73B/results/step5_assembly.xplor_ext.psf
Info) Analyzing structure ...
Info)    Atoms: 146911
Info)    Bonds: 146408
Info)    Angles: 138142  Dihedrals: 151015  Impropers: 1451  Cross-terms: 278
Info)    Bondtypes: 0  Angletypes: 0  Dihedraltypes: 0  Impropertypes: 0
Info)    Residues: 30821
Info)    Waters: 29985
Info)    Segments: 5
Info)    Fragments: 30542   Protein: 1   Nucleic: 0
0
0
-1
../../6b73B/results/namd/step7.14_production.dcd-pbc.dcd ../../6b73B/results/namd/step7.1_production.dcd-pbc.dcd ../../6b73B/results/namd/step7.15_production.dcd-pbc.dcd ../../6b73B/results/namd/step7.17_production.dcd-pbc.dcd ../../6b73B/results/namd/step7.3_production.dcd-pbc.dcd ../../6b73B/results/namd/step7.8_production.dcd-pbc.dcd ../../6b73B/results/namd/step7.16_production.dcd-pbc.dcd ../../6b73B/results/namd/step7.9_production.dcd-pbc.dcd ../../6b73B/results/namd/step7.2_production.dcd-pbc.dcd ../../6b73B/results/namd/step7.6_production.dcd-pbc.dcd ../../6b73B/results/namd/step7.12_production.dcd-pbc.dcd ../../6b73B/results/namd/step7.7_production.dcd-pbc.dcd ../../6b73B/results/namd/step7.13_production.dcd-pbc.dcd ../../6b73B/results/namd/step7.11_production.dcd-pbc.dcd ../../6b73B/results/namd/step7.5_production.dcd-pbc.dcd ../../6b73B/results/namd/step7.10_production.dcd-pbc.dcd ../../6b73B/results/namd/step7.4_production.dcd-pbc.dcd
17
84
ASP
3
(water within 3 of resid 84 and resname ASP) and oxygen
dcdplugin) detected standard 32-bit DCD file of native endianness
dcdplugin) CHARMM format DCD file (also NAMD 2.1 and later)
Info) Using plugin dcd for coordinates from file ../../6b73B/results/namd/step7.1_production.dcd-pbc.dcd
Info) Coordinate I/O rate 36.3 frames/sec, 61 MB/sec, 13.8 sec
Info) Finished with coordinate file ../../6b73B/results/namd/step7.1_production.dcd-pbc.dcd.
Frame: 0
Frame: 1
Frame: 2
Frame: 3
Frame: 4
Frame: 5
Frame: 6
Frame: 7
Frame: 8
Frame: 9
Frame: 10
Frame: 11
Frame: 12
Frame: 13
Frame: 14
Frame: 15
Frame: 16
Frame: 17
Frame: 18
Frame: 19
Frame: 20
Frame: 21
Frame: 22
Frame: 23
Frame: 24
Frame: 25
Frame: 26
Frame: 27
Frame: 28
Frame: 29
Frame: 30
Frame: 31
Frame: 32
Frame: 33
Frame: 34
Frame: 35
Frame: 36
Frame: 37
Frame: 38
Frame: 39
Frame: 40
Frame: 41
Frame: 42
Frame: 43
Frame: 44
Frame: 45
Frame: 46
Frame: 47
Frame: 48
Frame: 49
Frame: 50
Frame: 51
Frame: 52
Frame: 53
Frame: 54
Frame: 55
Frame: 56
Frame: 57
Frame: 58
Frame: 59
Frame: 60
Frame: 61
Frame: 62
Frame: 63
Frame: 64
Frame: 65
Frame: 66
Frame: 67
Frame: 68
Frame: 69
Frame: 70
Frame: 71
Frame: 72
Frame: 73
Frame: 74
Frame: 75
Frame: 76
Frame: 77
Frame: 78
Frame: 79
Frame: 80
Frame: 81
Frame: 82
Frame: 83
Frame: 84
Frame: 85
Frame: 86
Frame: 87
Frame: 88
Frame: 89
Frame: 90
Frame: 91
Frame: 92
Frame: 93
Frame: 94
Frame: 95
Frame: 96
Frame: 97
Frame: 98
Frame: 99
Frame: 100
Frame: 101
Frame: 102
Frame: 103
Frame: 104
Frame: 105
Frame: 106
Frame: 107
Frame: 108
Frame: 109
Frame: 110
Frame: 111
Frame: 112
Frame: 113
Frame: 114
Frame: 115
Frame: 116
Frame: 117
Frame: 118
Frame: 119
Frame: 120
Frame: 121
Frame: 122
Frame: 123
Frame: 124
Frame: 125
Frame: 126
Frame: 127
Frame: 128
Frame: 129
Frame: 130
Frame: 131
Frame: 132
Frame: 133
Frame: 134
Frame: 135
Frame: 136
Frame: 137
Frame: 138
Frame: 139
Frame: 140
Frame: 141
Frame: 142
Frame: 143
Frame: 144
Frame: 145
Frame: 146
Frame: 147
Frame: 148
Frame: 149
Frame: 150
Frame: 151
Frame: 152
Frame: 153
Frame: 154
Frame: 155
Frame: 156
Frame: 157
Frame: 158
Frame: 159
Frame: 160
Frame: 161
Frame: 162
Frame: 163
Frame: 164
Frame: 165
Frame: 166
Frame: 167
Frame: 168
Frame: 169
Frame: 170
Frame: 171
Frame: 172
Frame: 173
Frame: 174
Frame: 175
Frame: 176
Frame: 177
Frame: 178
Frame: 179
Frame: 180
Frame: 181
Frame: 182
Frame: 183
Frame: 184
Frame: 185
Frame: 186
Frame: 187
Frame: 188
Frame: 189
Frame: 190
Frame: 191
Frame: 192
Frame: 193
Frame: 194
Frame: 195
Frame: 196
Frame: 197
Frame: 198
Frame: 199
Frame: 200
Frame: 201
Frame: 202
Frame: 203
Frame: 204
Frame: 205
Frame: 206
Frame: 207
Frame: 208
Frame: 209
Frame: 210
Frame: 211
Frame: 212
Frame: 213
Frame: 214
Frame: 215
Frame: 216
Frame: 217
Frame: 218
Frame: 219
Frame: 220
Frame: 221
Frame: 222
Frame: 223
Frame: 224
Frame: 225
Frame: 226
Frame: 227
Frame: 228
Frame: 229
Frame: 230
Frame: 231
Frame: 232
Frame: 233
Frame: 234
Frame: 235
Frame: 236
Frame: 237
Frame: 238
Frame: 239
Frame: 240
Frame: 241
Frame: 242
Frame: 243
Frame: 244
Frame: 245
Frame: 246
Frame: 247
Frame: 248
Frame: 249
Frame: 250
Frame: 251
Frame: 252
Frame: 253
Frame: 254
Frame: 255
Frame: 256
Frame: 257
Frame: 258
Frame: 259
Frame: 260
Frame: 261
Frame: 262
Frame: 263
Frame: 264
Frame: 265
Frame: 266
Frame: 267
Frame: 268
Frame: 269
Frame: 270
Frame: 271
Frame: 272
Frame: 273
Frame: 274
Frame: 275
Frame: 276
Frame: 277
Frame: 278
Frame: 279
Frame: 280
Frame: 281
Frame: 282
Frame: 283
Frame: 284
Frame: 285
Frame: 286
Frame: 287
Frame: 288
Frame: 289
Frame: 290
Frame: 291
Frame: 292
Frame: 293
Frame: 294
Frame: 295
Frame: 296
Frame: 297
Frame: 298
Frame: 299
Frame: 300
Frame: 301
Frame: 302
Frame: 303
Frame: 304
Frame: 305
Frame: 306
Frame: 307
Frame: 308
Frame: 309
Frame: 310
Frame: 311
Frame: 312
Frame: 313
Frame: 314
Frame: 315
Frame: 316
Frame: 317
Frame: 318
Frame: 319
Frame: 320
Frame: 321
Frame: 322
Frame: 323
Frame: 324
Frame: 325
Frame: 326
Frame: 327
Frame: 328
Frame: 329
Frame: 330
Frame: 331
Frame: 332
Frame: 333
Frame: 334
Frame: 335
Frame: 336
Frame: 337
Frame: 338
Frame: 339
Frame: 340
Frame: 341
Frame: 342
Frame: 343
Frame: 344
Frame: 345
Frame: 346
Frame: 347
Frame: 348
Frame: 349
Frame: 350
Frame: 351
Frame: 352
Frame: 353
Frame: 354
Frame: 355
Frame: 356
Frame: 357
Frame: 358
Frame: 359
Frame: 360
Frame: 361
Frame: 362
Frame: 363
Frame: 364
Frame: 365
Frame: 366
Frame: 367
Frame: 368
Frame: 369
Frame: 370
Frame: 371
Frame: 372
Frame: 373
Frame: 374
Frame: 375
Frame: 376
Frame: 377
Frame: 378
Frame: 379
Frame: 380
Frame: 381
Frame: 382
Frame: 383
Frame: 384
Frame: 385
Frame: 386
Frame: 387
Frame: 388
Frame: 389
Frame: 390
Frame: 391
Frame: 392
Frame: 393
Frame: 394
Frame: 395
Frame: 396
Frame: 397
Frame: 398
Frame: 399
Frame: 400
Frame: 401
Frame: 402
Frame: 403
Frame: 404
Frame: 405
Frame: 406
Frame: 407
Frame: 408
Frame: 409
Frame: 410
Frame: 411
Frame: 412
Frame: 413
Frame: 414
Frame: 415
Frame: 416
Frame: 417
Frame: 418
Frame: 419
Frame: 420
Frame: 421
Frame: 422
Frame: 423
Frame: 424
Frame: 425
Frame: 426
Frame: 427
Frame: 428
Frame: 429
Frame: 430
Frame: 431
Frame: 432
Frame: 433
Frame: 434
Frame: 435
Frame: 436
Frame: 437
Frame: 438
Frame: 439
Frame: 440
Frame: 441
Frame: 442
Frame: 443
Frame: 444
Frame: 445
Frame: 446
Frame: 447
Frame: 448
Frame: 449
Frame: 450
Frame: 451
Frame: 452
Frame: 453
Frame: 454
Frame: 455
Frame: 456
Frame: 457
Frame: 458
Frame: 459
Frame: 460
Frame: 461
Frame: 462
Frame: 463
Frame: 464
Frame: 465
Frame: 466
Frame: 467
Frame: 468
Frame: 469
Frame: 470
Frame: 471
Frame: 472
Frame: 473
Frame: 474
Frame: 475
Frame: 476
Frame: 477
Frame: 478
Frame: 479
Frame: 480
Frame: 481
Frame: 482
Frame: 483
Frame: 484
Frame: 485
Frame: 486
Frame: 487
Frame: 488
Frame: 489
Frame: 490
Frame: 491
Frame: 492
Frame: 493
Frame: 494
Frame: 495
Frame: 496
Frame: 497
Frame: 498
Frame: 499
dcdplugin) detected standard 32-bit DCD file of native endianness
dcdplugin) CHARMM format DCD file (also NAMD 2.1 and later)
Info) Using plugin dcd for coordinates from file ../../6b73B/results/namd/step7.2_production.dcd-pbc.dcd
Info) Coordinate I/O rate 35.4 frames/sec, 59 MB/sec, 14.1 sec
Info) Finished with coordinate file ../../6b73B/results/namd/step7.2_production.dcd-pbc.dcd.
Frame: 0
Frame: 1
Frame: 2
Frame: 3
Frame: 4
Frame: 5
Frame: 6
Frame: 7
Frame: 8
Frame: 9
Frame: 10
Frame: 11
Frame: 12
Frame: 13
Frame: 14
Frame: 15
Frame: 16
Frame: 17
Frame: 18
Frame: 19
Frame: 20
Frame: 21
Frame: 22
Frame: 23
Frame: 24
Frame: 25
Frame: 26
Frame: 27
Frame: 28
Frame: 29
Frame: 30
Frame: 31
Frame: 32
Frame: 33
Frame: 34
Frame: 35
Frame: 36
Frame: 37
Frame: 38
Frame: 39
Frame: 40
Frame: 41
Frame: 42
Frame: 43
Frame: 44
Frame: 45
Frame: 46
Frame: 47
Frame: 48
Frame: 49
Frame: 50
Frame: 51
Frame: 52
Frame: 53
Frame: 54
Frame: 55
Frame: 56
Frame: 57
Frame: 58
Frame: 59
Frame: 60
Frame: 61
Frame: 62
Frame: 63
Frame: 64
Frame: 65
Frame: 66
Frame: 67
Frame: 68
Frame: 69
Frame: 70
Frame: 71
Frame: 72
Frame: 73
Frame: 74
Frame: 75
Frame: 76
Frame: 77
Frame: 78
Frame: 79
Frame: 80
Frame: 81
Frame: 82
Frame: 83
Frame: 84
Frame: 85
Frame: 86
Frame: 87
Frame: 88
Frame: 89
Frame: 90
Frame: 91
Frame: 92
Frame: 93
Frame: 94
Frame: 95
Frame: 96
Frame: 97
Frame: 98
Frame: 99
Frame: 100
Frame: 101
Frame: 102
Frame: 103
Frame: 104
Frame: 105
Frame: 106
Frame: 107
Frame: 108
Frame: 109
Frame: 110
Frame: 111
Frame: 112
Frame: 113
Frame: 114
Frame: 115
Frame: 116
Frame: 117
Frame: 118
Frame: 119
Frame: 120
Frame: 121
Frame: 122
Frame: 123
Frame: 124
Frame: 125
Frame: 126
Frame: 127
Frame: 128
Frame: 129
Frame: 130
Frame: 131
Frame: 132
Frame: 133
Frame: 134
Frame: 135
Frame: 136
Frame: 137
Frame: 138
Frame: 139
Frame: 140
Frame: 141
Frame: 142
Frame: 143
Frame: 144
Frame: 145
Frame: 146
Frame: 147
Frame: 148
Frame: 149
Frame: 150
Frame: 151
Frame: 152
Frame: 153
Frame: 154
Frame: 155
Frame: 156
Frame: 157
Frame: 158
Frame: 159
Frame: 160
Frame: 161
Frame: 162
Frame: 163
Frame: 164
Frame: 165
Frame: 166
Frame: 167
Frame: 168
Frame: 169
Frame: 170
Frame: 171
Frame: 172
Frame: 173
Frame: 174
Frame: 175
Frame: 176
Frame: 177
Frame: 178
Frame: 179
Frame: 180
Frame: 181
Frame: 182
Frame: 183
Frame: 184
Frame: 185
Frame: 186
Frame: 187
Frame: 188
Frame: 189
Frame: 190
Frame: 191
Frame: 192
Frame: 193
Frame: 194
Frame: 195
Frame: 196
Frame: 197
Frame: 198
Frame: 199
Frame: 200
Frame: 201
Frame: 202
Frame: 203
Frame: 204
Frame: 205
Frame: 206
Frame: 207
Frame: 208
Frame: 209
Frame: 210
Frame: 211
Frame: 212
Frame: 213
Frame: 214
Frame: 215
Frame: 216
Frame: 217
Frame: 218
Frame: 219
Frame: 220
Frame: 221
Frame: 222
Frame: 223
Frame: 224
Frame: 225
Frame: 226
Frame: 227
Frame: 228
Frame: 229
Frame: 230
Frame: 231
Frame: 232
Frame: 233
Frame: 234
Frame: 235
Frame: 236
Frame: 237
Frame: 238
Frame: 239
Frame: 240
Frame: 241
Frame: 242
Frame: 243
Frame: 244
Frame: 245
Frame: 246
Frame: 247
Frame: 248
Frame: 249
Frame: 250
Frame: 251
Frame: 252
Frame: 253
Frame: 254
Frame: 255
Frame: 256
Frame: 257
Frame: 258
Frame: 259
Frame: 260
Frame: 261
Frame: 262
Frame: 263
Frame: 264
Frame: 265
Frame: 266
Frame: 267
Frame: 268
Frame: 269
Frame: 270
Frame: 271
Frame: 272
Frame: 273
Frame: 274
Frame: 275
Frame: 276
Frame: 277
Frame: 278
Frame: 279
Frame: 280
Frame: 281
Frame: 282
Frame: 283
Frame: 284
Frame: 285
Frame: 286
Frame: 287
Frame: 288
Frame: 289
Frame: 290
Frame: 291
Frame: 292
Frame: 293
Frame: 294
Frame: 295
Frame: 296
Frame: 297
Frame: 298
Frame: 299
Frame: 300
Frame: 301
Frame: 302
Frame: 303
Frame: 304
Frame: 305
Frame: 306
Frame: 307
Frame: 308
Frame: 309
Frame: 310
Frame: 311
Frame: 312
Frame: 313
Frame: 314
Frame: 315
Frame: 316
Frame: 317
Frame: 318
Frame: 319
Frame: 320
Frame: 321
Frame: 322
Frame: 323
Frame: 324
Frame: 325
Frame: 326
Frame: 327
Frame: 328
Frame: 329
Frame: 330
Frame: 331
Frame: 332
Frame: 333
Frame: 334
Frame: 335
Frame: 336
Frame: 337
Frame: 338
Frame: 339
Frame: 340
Frame: 341
Frame: 342
Frame: 343
Frame: 344
Frame: 345
Frame: 346
Frame: 347
Frame: 348
Frame: 349
Frame: 350
Frame: 351
Frame: 352
Frame: 353
Frame: 354
Frame: 355
Frame: 356
Frame: 357
Frame: 358
Frame: 359
Frame: 360
Frame: 361
Frame: 362
Frame: 363
Frame: 364
Frame: 365
Frame: 366
Frame: 367
Frame: 368
Frame: 369
Frame: 370
Frame: 371
Frame: 372
Frame: 373
Frame: 374
Frame: 375
Frame: 376
Frame: 377
Frame: 378
Frame: 379
Frame: 380
Frame: 381
Frame: 382
Frame: 383
Frame: 384
Frame: 385
Frame: 386
Frame: 387
Frame: 388
Frame: 389
Frame: 390
Frame: 391
Frame: 392
Frame: 393
Frame: 394
Frame: 395
Frame: 396
Frame: 397
Frame: 398
Frame: 399
Frame: 400
Frame: 401
Frame: 402
Frame: 403
Frame: 404
Frame: 405
Frame: 406
Frame: 407
Frame: 408
Frame: 409
Frame: 410
Frame: 411
Frame: 412
Frame: 413
Frame: 414
Frame: 415
Frame: 416
Frame: 417
Frame: 418
Frame: 419
Frame: 420
Frame: 421
Frame: 422
Frame: 423
Frame: 424
Frame: 425
Frame: 426
Frame: 427
Frame: 428
Frame: 429
Frame: 430
Frame: 431
Frame: 432
Frame: 433
Frame: 434
Frame: 435
Frame: 436
Frame: 437
Frame: 438
Frame: 439
Frame: 440
Frame: 441
Frame: 442
Frame: 443
Frame: 444
Frame: 445
Frame: 446
Frame: 447
Frame: 448
Frame: 449
Frame: 450
Frame: 451
Frame: 452
Frame: 453
Frame: 454
Frame: 455
Frame: 456
Frame: 457
Frame: 458
Frame: 459
Frame: 460
Frame: 461
Frame: 462
Frame: 463
Frame: 464
Frame: 465
Frame: 466
Frame: 467
Frame: 468
Frame: 469
Frame: 470
Frame: 471
Frame: 472
Frame: 473
Frame: 474
Frame: 475
Frame: 476
Frame: 477
Frame: 478
Frame: 479
Frame: 480
Frame: 481
Frame: 482
Frame: 483
Frame: 484
Frame: 485
Frame: 486
Frame: 487
Frame: 488
Frame: 489
Frame: 490
Frame: 491
Frame: 492
Frame: 493
Frame: 494
Frame: 495
Frame: 496
Frame: 497
Frame: 498
Frame: 499
dcdplugin) detected standard 32-bit DCD file of native endianness
dcdplugin) CHARMM format DCD file (also NAMD 2.1 and later)
Info) Using plugin dcd for coordinates from file ../../6b73B/results/namd/step7.3_production.dcd-pbc.dcd
Info) Coordinate I/O rate 39.2 frames/sec, 65 MB/sec, 12.7 sec
Info) Finished with coordinate file ../../6b73B/results/namd/step7.3_production.dcd-pbc.dcd.
Frame: 0
Frame: 1
Frame: 2
Frame: 3
Frame: 4
Frame: 5
Frame: 6
Frame: 7
Frame: 8
Frame: 9
Frame: 10
Frame: 11
Frame: 12
Frame: 13
Frame: 14
Frame: 15
Frame: 16
Frame: 17
Frame: 18
Frame: 19
Frame: 20
Frame: 21
Frame: 22
Frame: 23
Frame: 24
Frame: 25
Frame: 26
Frame: 27
Frame: 28
Frame: 29
Frame: 30
Frame: 31
Frame: 32
Frame: 33
Frame: 34
Frame: 35
Frame: 36
Frame: 37
Frame: 38
Frame: 39
Frame: 40
Frame: 41
Frame: 42
Frame: 43
Frame: 44
Frame: 45
Frame: 46
Frame: 47
Frame: 48
Frame: 49
Frame: 50
Frame: 51
Frame: 52
Frame: 53
Frame: 54
Frame: 55
Frame: 56
Frame: 57
Frame: 58
Frame: 59
Frame: 60
Frame: 61
Frame: 62
Frame: 63
Frame: 64
Frame: 65
Frame: 66
Frame: 67
Frame: 68
Frame: 69
Frame: 70
Frame: 71
Frame: 72
Frame: 73
Frame: 74
Frame: 75
Frame: 76
Frame: 77
Frame: 78
Frame: 79
Frame: 80
Frame: 81
Frame: 82
Frame: 83
Frame: 84
Frame: 85
Frame: 86
Frame: 87
Frame: 88
Frame: 89
Frame: 90
Frame: 91
Frame: 92
Frame: 93
Frame: 94
Frame: 95
Frame: 96
Frame: 97
Frame: 98
Frame: 99
Frame: 100
Frame: 101
Frame: 102
Frame: 103
Frame: 104
Frame: 105
Frame: 106
Frame: 107
Frame: 108
Frame: 109
Frame: 110
Frame: 111
Frame: 112
Frame: 113
Frame: 114
Frame: 115
Frame: 116
Frame: 117
Frame: 118
Frame: 119
Frame: 120
Frame: 121
Frame: 122
Frame: 123
Frame: 124
Frame: 125
Frame: 126
Frame: 127
Frame: 128
Frame: 129
Frame: 130
Frame: 131
Frame: 132
Frame: 133
Frame: 134
Frame: 135
Frame: 136
Frame: 137
Frame: 138
Frame: 139
Frame: 140
Frame: 141
Frame: 142
Frame: 143
Frame: 144
Frame: 145
Frame: 146
Frame: 147
Frame: 148
Frame: 149
Frame: 150
Frame: 151
Frame: 152
Frame: 153
Frame: 154
Frame: 155
Frame: 156
Frame: 157
Frame: 158
Frame: 159
Frame: 160
Frame: 161
Frame: 162
Frame: 163
Frame: 164
Frame: 165
Frame: 166
Frame: 167
Frame: 168
Frame: 169
Frame: 170
Frame: 171
Frame: 172
Frame: 173
Frame: 174
Frame: 175
Frame: 176
Frame: 177
Frame: 178
Frame: 179
Frame: 180
Frame: 181
Frame: 182
Frame: 183
Frame: 184
Frame: 185
Frame: 186
Frame: 187
Frame: 188
Frame: 189
Frame: 190
Frame: 191
Frame: 192
Frame: 193
Frame: 194
Frame: 195
Frame: 196
Frame: 197
Frame: 198
Frame: 199
Frame: 200
Frame: 201
Frame: 202
Frame: 203
Frame: 204
Frame: 205
Frame: 206
Frame: 207
Frame: 208
Frame: 209
Frame: 210
Frame: 211
Frame: 212
Frame: 213
Frame: 214
Frame: 215
Frame: 216
Frame: 217
Frame: 218
Frame: 219
Frame: 220
Frame: 221
Frame: 222
Frame: 223
Frame: 224
Frame: 225
Frame: 226
Frame: 227
Frame: 228
Frame: 229
Frame: 230
Frame: 231
Frame: 232
Frame: 233
Frame: 234
Frame: 235
Frame: 236
Frame: 237
Frame: 238
Frame: 239
Frame: 240
Frame: 241
Frame: 242
Frame: 243
Frame: 244
Frame: 245
Frame: 246
Frame: 247
Frame: 248
Frame: 249
Frame: 250
Frame: 251
Frame: 252
Frame: 253
Frame: 254
Frame: 255
Frame: 256
Frame: 257
Frame: 258
Frame: 259
Frame: 260
Frame: 261
Frame: 262
Frame: 263
Frame: 264
Frame: 265
Frame: 266
Frame: 267
Frame: 268
Frame: 269
Frame: 270
Frame: 271
Frame: 272
Frame: 273
Frame: 274
Frame: 275
Frame: 276
Frame: 277
Frame: 278
Frame: 279
Frame: 280
Frame: 281
Frame: 282
Frame: 283
Frame: 284
Frame: 285
Frame: 286
Frame: 287
Frame: 288
Frame: 289
Frame: 290
Frame: 291
Frame: 292
Frame: 293
Frame: 294
Frame: 295
Frame: 296
Frame: 297
Frame: 298
Frame: 299
Frame: 300
Frame: 301
Frame: 302
Frame: 303
Frame: 304
Frame: 305
Frame: 306
Frame: 307
Frame: 308
Frame: 309
Frame: 310
Frame: 311
Frame: 312
Frame: 313
Frame: 314
Frame: 315
Frame: 316
Frame: 317
Frame: 318
Frame: 319
Frame: 320
Frame: 321
Frame: 322
Frame: 323
Frame: 324
Frame: 325
Frame: 326
Frame: 327
Frame: 328
Frame: 329
Frame: 330
Frame: 331
Frame: 332
Frame: 333
Frame: 334
Frame: 335
Frame: 336
Frame: 337
Frame: 338
Frame: 339
Frame: 340
Frame: 341
Frame: 342
Frame: 343
Frame: 344
Frame: 345
Frame: 346
Frame: 347
Frame: 348
Frame: 349
Frame: 350
Frame: 351
Frame: 352
Frame: 353
Frame: 354
Frame: 355
Frame: 356
Frame: 357
Frame: 358
Frame: 359
Frame: 360
Frame: 361
Frame: 362
Frame: 363
Frame: 364
Frame: 365
Frame: 366
Frame: 367
Frame: 368
Frame: 369
Frame: 370
Frame: 371
Frame: 372
Frame: 373
Frame: 374
Frame: 375
Frame: 376
Frame: 377
Frame: 378
Frame: 379
Frame: 380
Frame: 381
Frame: 382
Frame: 383
Frame: 384
Frame: 385
Frame: 386
Frame: 387
Frame: 388
Frame: 389
Frame: 390
Frame: 391
Frame: 392
Frame: 393
Frame: 394
Frame: 395
Frame: 396
Frame: 397
Frame: 398
Frame: 399
Frame: 400
Frame: 401
Frame: 402
Frame: 403
Frame: 404
Frame: 405
Frame: 406
Frame: 407
Frame: 408
Frame: 409
Frame: 410
Frame: 411
Frame: 412
Frame: 413
Frame: 414
Frame: 415
Frame: 416
Frame: 417
Frame: 418
Frame: 419
Frame: 420
Frame: 421
Frame: 422
Frame: 423
Frame: 424
Frame: 425
Frame: 426
Frame: 427
Frame: 428
Frame: 429
Frame: 430
Frame: 431
Frame: 432
Frame: 433
Frame: 434
Frame: 435
Frame: 436
Frame: 437
Frame: 438
Frame: 439
Frame: 440
Frame: 441
Frame: 442
Frame: 443
Frame: 444
Frame: 445
Frame: 446
Frame: 447
Frame: 448
Frame: 449
Frame: 450
Frame: 451
Frame: 452
Frame: 453
Frame: 454
Frame: 455
Frame: 456
Frame: 457
Frame: 458
Frame: 459
Frame: 460
Frame: 461
Frame: 462
Frame: 463
Frame: 464
Frame: 465
Frame: 466
Frame: 467
Frame: 468
Frame: 469
Frame: 470
Frame: 471
Frame: 472
Frame: 473
Frame: 474
Frame: 475
Frame: 476
Frame: 477
Frame: 478
Frame: 479
Frame: 480
Frame: 481
Frame: 482
Frame: 483
Frame: 484
Frame: 485
Frame: 486
Frame: 487
Frame: 488
Frame: 489
Frame: 490
Frame: 491
Frame: 492
Frame: 493
Frame: 494
Frame: 495
Frame: 496
Frame: 497
Frame: 498
Frame: 499
dcdplugin) detected standard 32-bit DCD file of native endianness
dcdplugin) CHARMM format DCD file (also NAMD 2.1 and later)
Info) Using plugin dcd for coordinates from file ../../6b73B/results/namd/step7.4_production.dcd-pbc.dcd
Info) Coordinate I/O rate 37.4 frames/sec, 62 MB/sec, 13.4 sec
Info) Finished with coordinate file ../../6b73B/results/namd/step7.4_production.dcd-pbc.dcd.
Frame: 0
Frame: 1
Frame: 2
Frame: 3
Frame: 4
Frame: 5
Frame: 6
Frame: 7
Frame: 8
Frame: 9
Frame: 10
Frame: 11
Frame: 12
Frame: 13
Frame: 14
Frame: 15
Frame: 16
Frame: 17
Frame: 18
Frame: 19
Frame: 20
Frame: 21
Frame: 22
Frame: 23
Frame: 24
Frame: 25
Frame: 26
Frame: 27
Frame: 28
Frame: 29
Frame: 30
Frame: 31
Frame: 32
Frame: 33
Frame: 34
Frame: 35
Frame: 36
Frame: 37
Frame: 38
Frame: 39
Frame: 40
Frame: 41
Frame: 42
Frame: 43
Frame: 44
Frame: 45
Frame: 46
Frame: 47
Frame: 48
Frame: 49
Frame: 50
Frame: 51
Frame: 52
Frame: 53
Frame: 54
Frame: 55
Frame: 56
Frame: 57
Frame: 58
Frame: 59
Frame: 60
Frame: 61
Frame: 62
Frame: 63
Frame: 64
Frame: 65
Frame: 66
Frame: 67
Frame: 68
Frame: 69
Frame: 70
Frame: 71
Frame: 72
Frame: 73
Frame: 74
Frame: 75
Frame: 76
Frame: 77
Frame: 78
Frame: 79
Frame: 80
Frame: 81
Frame: 82
Frame: 83
Frame: 84
Frame: 85
Frame: 86
Frame: 87
Frame: 88
Frame: 89
Frame: 90
Frame: 91
Frame: 92
Frame: 93
Frame: 94
Frame: 95
Frame: 96
Frame: 97
Frame: 98
Frame: 99
Frame: 100
Frame: 101
Frame: 102
Frame: 103
Frame: 104
Frame: 105
Frame: 106
Frame: 107
Frame: 108
Frame: 109
Frame: 110
Frame: 111
Frame: 112
Frame: 113
Frame: 114
Frame: 115
Frame: 116
Frame: 117
Frame: 118
Frame: 119
Frame: 120
Frame: 121
Frame: 122
Frame: 123
Frame: 124
Frame: 125
Frame: 126
Frame: 127
Frame: 128
Frame: 129
Frame: 130
Frame: 131
Frame: 132
Frame: 133
Frame: 134
Frame: 135
Frame: 136
Frame: 137
Frame: 138
Frame: 139
Frame: 140
Frame: 141
Frame: 142
Frame: 143
Frame: 144
Frame: 145
Frame: 146
Frame: 147
Frame: 148
Frame: 149
Frame: 150
Frame: 151
Frame: 152
Frame: 153
Frame: 154
Frame: 155
Frame: 156
Frame: 157
Frame: 158
Frame: 159
Frame: 160
Frame: 161
Frame: 162
Frame: 163
Frame: 164
Frame: 165
Frame: 166
Frame: 167
Frame: 168
Frame: 169
Frame: 170
Frame: 171
Frame: 172
Frame: 173
Frame: 174
Frame: 175
Frame: 176
Frame: 177
Frame: 178
Frame: 179
Frame: 180
Frame: 181
Frame: 182
Frame: 183
Frame: 184
Frame: 185
Frame: 186
Frame: 187
Frame: 188
Frame: 189
Frame: 190
Frame: 191
Frame: 192
Frame: 193
Frame: 194
Frame: 195
Frame: 196
Frame: 197
Frame: 198
Frame: 199
Frame: 200
Frame: 201
Frame: 202
Frame: 203
Frame: 204
Frame: 205
Frame: 206
Frame: 207
Frame: 208
Frame: 209
Frame: 210
Frame: 211
Frame: 212
Frame: 213
Frame: 214
Frame: 215
Frame: 216
Frame: 217
Frame: 218
Frame: 219
Frame: 220
Frame: 221
Frame: 222
Frame: 223
Frame: 224
Frame: 225
Frame: 226
Frame: 227
Frame: 228
Frame: 229
Frame: 230
Frame: 231
Frame: 232
Frame: 233
Frame: 234
Frame: 235
Frame: 236
Frame: 237
Frame: 238
Frame: 239
Frame: 240
Frame: 241
Frame: 242
Frame: 243
Frame: 244
Frame: 245
Frame: 246
Frame: 247
Frame: 248
Frame: 249
Frame: 250
Frame: 251
Frame: 252
Frame: 253
Frame: 254
Frame: 255
Frame: 256
Frame: 257
Frame: 258
Frame: 259
Frame: 260
Frame: 261
Frame: 262
Frame: 263
Frame: 264
Frame: 265
Frame: 266
Frame: 267
Frame: 268
Frame: 269
Frame: 270
Frame: 271
Frame: 272
Frame: 273
Frame: 274
Frame: 275
Frame: 276
Frame: 277
Frame: 278
Frame: 279
Frame: 280
Frame: 281
Frame: 282
Frame: 283
Frame: 284
Frame: 285
Frame: 286
Frame: 287
Frame: 288
Frame: 289
Frame: 290
Frame: 291
Frame: 292
Frame: 293
Frame: 294
Frame: 295
Frame: 296
Frame: 297
Frame: 298
Frame: 299
Frame: 300
Frame: 301
Frame: 302
Frame: 303
Frame: 304
Frame: 305
Frame: 306
Frame: 307
Frame: 308
Frame: 309
Frame: 310
Frame: 311
Frame: 312
Frame: 313
Frame: 314
Frame: 315
Frame: 316
Frame: 317
Frame: 318
Frame: 319
Frame: 320
Frame: 321
Frame: 322
Frame: 323
Frame: 324
Frame: 325
Frame: 326
Frame: 327
Frame: 328
Frame: 329
Frame: 330
Frame: 331
Frame: 332
Frame: 333
Frame: 334
Frame: 335
Frame: 336
Frame: 337
Frame: 338
Frame: 339
Frame: 340
Frame: 341
Frame: 342
Frame: 343
Frame: 344
Frame: 345
Frame: 346
Frame: 347
Frame: 348
Frame: 349
Frame: 350
Frame: 351
Frame: 352
Frame: 353
Frame: 354
Frame: 355
Frame: 356
Frame: 357
Frame: 358
Frame: 359
Frame: 360
Frame: 361
Frame: 362
Frame: 363
Frame: 364
Frame: 365
Frame: 366
Frame: 367
Frame: 368
Frame: 369
Frame: 370
Frame: 371
Frame: 372
Frame: 373
Frame: 374
Frame: 375
Frame: 376
Frame: 377
Frame: 378
Frame: 379
Frame: 380
Frame: 381
Frame: 382
Frame: 383
Frame: 384
Frame: 385
Frame: 386
Frame: 387
Frame: 388
Frame: 389
Frame: 390
Frame: 391
Frame: 392
Frame: 393
Frame: 394
Frame: 395
Frame: 396
Frame: 397
Frame: 398
Frame: 399
Frame: 400
Frame: 401
Frame: 402
Frame: 403
Frame: 404
Frame: 405
Frame: 406
Frame: 407
Frame: 408
Frame: 409
Frame: 410
Frame: 411
Frame: 412
Frame: 413
Frame: 414
Frame: 415
Frame: 416
Frame: 417
Frame: 418
Frame: 419
Frame: 420
Frame: 421
Frame: 422
Frame: 423
Frame: 424
Frame: 425
Frame: 426
Frame: 427
Frame: 428
Frame: 429
Frame: 430
Frame: 431
Frame: 432
Frame: 433
Frame: 434
Frame: 435
Frame: 436
Frame: 437
Frame: 438
Frame: 439
Frame: 440
Frame: 441
Frame: 442
Frame: 443
Frame: 444
Frame: 445
Frame: 446
Frame: 447
Frame: 448
Frame: 449
Frame: 450
Frame: 451
Frame: 452
Frame: 453
Frame: 454
Frame: 455
Frame: 456
Frame: 457
Frame: 458
Frame: 459
Frame: 460
Frame: 461
Frame: 462
Frame: 463
Frame: 464
Frame: 465
Frame: 466
Frame: 467
Frame: 468
Frame: 469
Frame: 470
Frame: 471
Frame: 472
Frame: 473
Frame: 474
Frame: 475
Frame: 476
Frame: 477
Frame: 478
Frame: 479
Frame: 480
Frame: 481
Frame: 482
Frame: 483
Frame: 484
Frame: 485
Frame: 486
Frame: 487
Frame: 488
Frame: 489
Frame: 490
Frame: 491
Frame: 492
Frame: 493
Frame: 494
Frame: 495
Frame: 496
Frame: 497
Frame: 498
Frame: 499
dcdplugin) detected standard 32-bit DCD file of native endianness
dcdplugin) CHARMM format DCD file (also NAMD 2.1 and later)
Info) Using plugin dcd for coordinates from file ../../6b73B/results/namd/step7.5_production.dcd-pbc.dcd
Info) Coordinate I/O rate 33.6 frames/sec, 56 MB/sec, 14.9 sec
Info) Finished with coordinate file ../../6b73B/results/namd/step7.5_production.dcd-pbc.dcd.
Frame: 0
Frame: 1
Frame: 2
Frame: 3
Frame: 4
Frame: 5
Frame: 6
Frame: 7
Frame: 8
Frame: 9
Frame: 10
Frame: 11
Frame: 12
Frame: 13
Frame: 14
Frame: 15
Frame: 16
Frame: 17
Frame: 18
Frame: 19
Frame: 20
Frame: 21
Frame: 22
Frame: 23
Frame: 24
Frame: 25
Frame: 26
Frame: 27
Frame: 28
Frame: 29
Frame: 30
Frame: 31
Frame: 32
Frame: 33
Frame: 34
Frame: 35
Frame: 36
Frame: 37
Frame: 38
Frame: 39
Frame: 40
Frame: 41
Frame: 42
Frame: 43
Frame: 44
Frame: 45
Frame: 46
Frame: 47
Frame: 48
Frame: 49
Frame: 50
Frame: 51
Frame: 52
Frame: 53
Frame: 54
Frame: 55
Frame: 56
Frame: 57
Frame: 58
Frame: 59
Frame: 60
Frame: 61
Frame: 62
Frame: 63
Frame: 64
Frame: 65
Frame: 66
Frame: 67
Frame: 68
Frame: 69
Frame: 70
Frame: 71
Frame: 72
Frame: 73
Frame: 74
Frame: 75
Frame: 76
Frame: 77
Frame: 78
Frame: 79
Frame: 80
Frame: 81
Frame: 82
Frame: 83
Frame: 84
Frame: 85
Frame: 86
Frame: 87
Frame: 88
Frame: 89
Frame: 90
Frame: 91
Frame: 92
Frame: 93
Frame: 94
Frame: 95
Frame: 96
Frame: 97
Frame: 98
Frame: 99
Frame: 100
Frame: 101
Frame: 102
Frame: 103
Frame: 104
Frame: 105
Frame: 106
Frame: 107
Frame: 108
Frame: 109
Frame: 110
Frame: 111
Frame: 112
Frame: 113
Frame: 114
Frame: 115
Frame: 116
Frame: 117
Frame: 118
Frame: 119
Frame: 120
Frame: 121
Frame: 122
Frame: 123
Frame: 124
Frame: 125
Frame: 126
Frame: 127
Frame: 128
Frame: 129
Frame: 130
Frame: 131
Frame: 132
Frame: 133
Frame: 134
Frame: 135
Frame: 136
Frame: 137
Frame: 138
Frame: 139
Frame: 140
Frame: 141
Frame: 142
Frame: 143
Frame: 144
Frame: 145
Frame: 146
Frame: 147
Frame: 148
Frame: 149
Frame: 150
Frame: 151
Frame: 152
Frame: 153
Frame: 154
Frame: 155
Frame: 156
Frame: 157
Frame: 158
Frame: 159
Frame: 160
Frame: 161
Frame: 162
Frame: 163
Frame: 164
Frame: 165
Frame: 166
Frame: 167
Frame: 168
Frame: 169
Frame: 170
Frame: 171
Frame: 172
Frame: 173
Frame: 174
Frame: 175
Frame: 176
Frame: 177
Frame: 178
Frame: 179
Frame: 180
Frame: 181
Frame: 182
Frame: 183
Frame: 184
Frame: 185
Frame: 186
Frame: 187
Frame: 188
Frame: 189
Frame: 190
Frame: 191
Frame: 192
Frame: 193
Frame: 194
Frame: 195
Frame: 196
Frame: 197
Frame: 198
Frame: 199
Frame: 200
Frame: 201
Frame: 202
Frame: 203
Frame: 204
Frame: 205
Frame: 206
Frame: 207
Frame: 208
Frame: 209
Frame: 210
Frame: 211
Frame: 212
Frame: 213
Frame: 214
Frame: 215
Frame: 216
Frame: 217
Frame: 218
Frame: 219
Frame: 220
Frame: 221
Frame: 222
Frame: 223
Frame: 224
Frame: 225
Frame: 226
Frame: 227
Frame: 228
Frame: 229
Frame: 230
Frame: 231
Frame: 232
Frame: 233
Frame: 234
Frame: 235
Frame: 236
Frame: 237
Frame: 238
Frame: 239
Frame: 240
Frame: 241
Frame: 242
Frame: 243
Frame: 244
Frame: 245
Frame: 246
Frame: 247
Frame: 248
Frame: 249
Frame: 250
Frame: 251
Frame: 252
Frame: 253
Frame: 254
Frame: 255
Frame: 256
Frame: 257
Frame: 258
Frame: 259
Frame: 260
Frame: 261
Frame: 262
Frame: 263
Frame: 264
Frame: 265
Frame: 266
Frame: 267
Frame: 268
Frame: 269
Frame: 270
Frame: 271
Frame: 272
Frame: 273
Frame: 274
Frame: 275
Frame: 276
Frame: 277
Frame: 278
Frame: 279
Frame: 280
Frame: 281
Frame: 282
Frame: 283
Frame: 284
Frame: 285
Frame: 286
Frame: 287
Frame: 288
Frame: 289
Frame: 290
Frame: 291
Frame: 292
Frame: 293
Frame: 294
Frame: 295
Frame: 296
Frame: 297
Frame: 298
Frame: 299
Frame: 300
Frame: 301
Frame: 302
Frame: 303
Frame: 304
Frame: 305
Frame: 306
Frame: 307
Frame: 308
Frame: 309
Frame: 310
Frame: 311
Frame: 312
Frame: 313
Frame: 314
Frame: 315
Frame: 316
Frame: 317
Frame: 318
Frame: 319
Frame: 320
Frame: 321
Frame: 322
Frame: 323
Frame: 324
Frame: 325
Frame: 326
Frame: 327
Frame: 328
Frame: 329
Frame: 330
Frame: 331
Frame: 332
Frame: 333
Frame: 334
Frame: 335
Frame: 336
Frame: 337
Frame: 338
Frame: 339
Frame: 340
Frame: 341
Frame: 342
Frame: 343
Frame: 344
Frame: 345
Frame: 346
Frame: 347
Frame: 348
Frame: 349
Frame: 350
Frame: 351
Frame: 352
Frame: 353
Frame: 354
Frame: 355
Frame: 356
Frame: 357
Frame: 358
Frame: 359
Frame: 360
Frame: 361
Frame: 362
Frame: 363
Frame: 364
Frame: 365
Frame: 366
Frame: 367
Frame: 368
Frame: 369
Frame: 370
Frame: 371
Frame: 372
Frame: 373
Frame: 374
Frame: 375
Frame: 376
Frame: 377
Frame: 378
Frame: 379
Frame: 380
Frame: 381
Frame: 382
Frame: 383
Frame: 384
Frame: 385
Frame: 386
Frame: 387
Frame: 388
Frame: 389
Frame: 390
Frame: 391
Frame: 392
Frame: 393
Frame: 394
Frame: 395
Frame: 396
Frame: 397
Frame: 398
Frame: 399
Frame: 400
Frame: 401
Frame: 402
Frame: 403
Frame: 404
Frame: 405
Frame: 406
Frame: 407
Frame: 408
Frame: 409
Frame: 410
Frame: 411
Frame: 412
Frame: 413
Frame: 414
Frame: 415
Frame: 416
Frame: 417
Frame: 418
Frame: 419
Frame: 420
Frame: 421
Frame: 422
Frame: 423
Frame: 424
Frame: 425
Frame: 426
Frame: 427
Frame: 428
Frame: 429
Frame: 430
Frame: 431
Frame: 432
Frame: 433
Frame: 434
Frame: 435
Frame: 436
Frame: 437
Frame: 438
Frame: 439
Frame: 440
Frame: 441
Frame: 442
Frame: 443
Frame: 444
Frame: 445
Frame: 446
Frame: 447
Frame: 448
Frame: 449
Frame: 450
Frame: 451
Frame: 452
Frame: 453
Frame: 454
Frame: 455
Frame: 456
Frame: 457
Frame: 458
Frame: 459
Frame: 460
Frame: 461
Frame: 462
Frame: 463
Frame: 464
Frame: 465
Frame: 466
Frame: 467
Frame: 468
Frame: 469
Frame: 470
Frame: 471
Frame: 472
Frame: 473
Frame: 474
Frame: 475
Frame: 476
Frame: 477
Frame: 478
Frame: 479
Frame: 480
Frame: 481
Frame: 482
Frame: 483
Frame: 484
Frame: 485
Frame: 486
Frame: 487
Frame: 488
Frame: 489
Frame: 490
Frame: 491
Frame: 492
Frame: 493
Frame: 494
Frame: 495
Frame: 496
Frame: 497
Frame: 498
Frame: 499
dcdplugin) detected standard 32-bit DCD file of native endianness
dcdplugin) CHARMM format DCD file (also NAMD 2.1 and later)
Info) Using plugin dcd for coordinates from file ../../6b73B/results/namd/step7.6_production.dcd-pbc.dcd
Info) Coordinate I/O rate 36.4 frames/sec, 61 MB/sec, 13.7 sec
Info) Finished with coordinate file ../../6b73B/results/namd/step7.6_production.dcd-pbc.dcd.
Frame: 0
Frame: 1
Frame: 2
Frame: 3
Frame: 4
Frame: 5
Frame: 6
Frame: 7
Frame: 8
Frame: 9
Frame: 10
Frame: 11
Frame: 12
Frame: 13
Frame: 14
Frame: 15
Frame: 16
Frame: 17
Frame: 18
Frame: 19
Frame: 20
Frame: 21
Frame: 22
Frame: 23
Frame: 24
Frame: 25
Frame: 26
Frame: 27
Frame: 28
Frame: 29
Frame: 30
Frame: 31
Frame: 32
Frame: 33
Frame: 34
Frame: 35
Frame: 36
Frame: 37
Frame: 38
Frame: 39
Frame: 40
Frame: 41
Frame: 42
Frame: 43
Frame: 44
Frame: 45
Frame: 46
Frame: 47
Frame: 48
Frame: 49
Frame: 50
Frame: 51
Frame: 52
Frame: 53
Frame: 54
Frame: 55
Frame: 56
Frame: 57
Frame: 58
Frame: 59
Frame: 60
Frame: 61
Frame: 62
Frame: 63
Frame: 64
Frame: 65
Frame: 66
Frame: 67
Frame: 68
Frame: 69
Frame: 70
Frame: 71
Frame: 72
Frame: 73
Frame: 74
Frame: 75
Frame: 76
Frame: 77
Frame: 78
Frame: 79
Frame: 80
Frame: 81
Frame: 82
Frame: 83
Frame: 84
Frame: 85
Frame: 86
Frame: 87
Frame: 88
Frame: 89
Frame: 90
Frame: 91
Frame: 92
Frame: 93
Frame: 94
Frame: 95
Frame: 96
Frame: 97
Frame: 98
Frame: 99
Frame: 100
Frame: 101
Frame: 102
Frame: 103
Frame: 104
Frame: 105
Frame: 106
Frame: 107
Frame: 108
Frame: 109
Frame: 110
Frame: 111
Frame: 112
Frame: 113
Frame: 114
Frame: 115
Frame: 116
Frame: 117
Frame: 118
Frame: 119
Frame: 120
Frame: 121
Frame: 122
Frame: 123
Frame: 124
Frame: 125
Frame: 126
Frame: 127
Frame: 128
Frame: 129
Frame: 130
Frame: 131
Frame: 132
Frame: 133
Frame: 134
Frame: 135
Frame: 136
Frame: 137
Frame: 138
Frame: 139
Frame: 140
Frame: 141
Frame: 142
Frame: 143
Frame: 144
Frame: 145
Frame: 146
Frame: 147
Frame: 148
Frame: 149
Frame: 150
Frame: 151
Frame: 152
Frame: 153
Frame: 154
Frame: 155
Frame: 156
Frame: 157
Frame: 158
Frame: 159
Frame: 160
Frame: 161
Frame: 162
Frame: 163
Frame: 164
Frame: 165
Frame: 166
Frame: 167
Frame: 168
Frame: 169
Frame: 170
Frame: 171
Frame: 172
Frame: 173
Frame: 174
Frame: 175
Frame: 176
Frame: 177
Frame: 178
Frame: 179
Frame: 180
Frame: 181
Frame: 182
Frame: 183
Frame: 184
Frame: 185
Frame: 186
Frame: 187
Frame: 188
Frame: 189
Frame: 190
Frame: 191
Frame: 192
Frame: 193
Frame: 194
Frame: 195
Frame: 196
Frame: 197
Frame: 198
Frame: 199
Frame: 200
Frame: 201
Frame: 202
Frame: 203
Frame: 204
Frame: 205
Frame: 206
Frame: 207
Frame: 208
Frame: 209
Frame: 210
Frame: 211
Frame: 212
Frame: 213
Frame: 214
Frame: 215
Frame: 216
Frame: 217
Frame: 218
Frame: 219
Frame: 220
Frame: 221
Frame: 222
Frame: 223
Frame: 224
Frame: 225
Frame: 226
Frame: 227
Frame: 228
Frame: 229
Frame: 230
Frame: 231
Frame: 232
Frame: 233
Frame: 234
Frame: 235
Frame: 236
Frame: 237
Frame: 238
Frame: 239
Frame: 240
Frame: 241
Frame: 242
Frame: 243
Frame: 244
Frame: 245
Frame: 246
Frame: 247
Frame: 248
Frame: 249
Frame: 250
Frame: 251
Frame: 252
Frame: 253
Frame: 254
Frame: 255
Frame: 256
Frame: 257
Frame: 258
Frame: 259
Frame: 260
Frame: 261
Frame: 262
Frame: 263
Frame: 264
Frame: 265
Frame: 266
Frame: 267
Frame: 268
Frame: 269
Frame: 270
Frame: 271
Frame: 272
Frame: 273
Frame: 274
Frame: 275
Frame: 276
Frame: 277
Frame: 278
Frame: 279
Frame: 280
Frame: 281
Frame: 282
Frame: 283
Frame: 284
Frame: 285
Frame: 286
Frame: 287
Frame: 288
Frame: 289
Frame: 290
Frame: 291
Frame: 292
Frame: 293
Frame: 294
Frame: 295
Frame: 296
Frame: 297
Frame: 298
Frame: 299
Frame: 300
Frame: 301
Frame: 302
Frame: 303
Frame: 304
Frame: 305
Frame: 306
Frame: 307
Frame: 308
Frame: 309
Frame: 310
Frame: 311
Frame: 312
Frame: 313
Frame: 314
Frame: 315
Frame: 316
Frame: 317
Frame: 318
Frame: 319
Frame: 320
Frame: 321
Frame: 322
Frame: 323
Frame: 324
Frame: 325
Frame: 326
Frame: 327
Frame: 328
Frame: 329
Frame: 330
Frame: 331
Frame: 332
Frame: 333
Frame: 334
Frame: 335
Frame: 336
Frame: 337
Frame: 338
Frame: 339
Frame: 340
Frame: 341
Frame: 342
Frame: 343
Frame: 344
Frame: 345
Frame: 346
Frame: 347
Frame: 348
Frame: 349
Frame: 350
Frame: 351
Frame: 352
Frame: 353
Frame: 354
Frame: 355
Frame: 356
Frame: 357
Frame: 358
Frame: 359
Frame: 360
Frame: 361
Frame: 362
Frame: 363
Frame: 364
Frame: 365
Frame: 366
Frame: 367
Frame: 368
Frame: 369
Frame: 370
Frame: 371
Frame: 372
Frame: 373
Frame: 374
Frame: 375
Frame: 376
Frame: 377
Frame: 378
Frame: 379
Frame: 380
Frame: 381
Frame: 382
Frame: 383
Frame: 384
Frame: 385
Frame: 386
Frame: 387
Frame: 388
Frame: 389
Frame: 390
Frame: 391
Frame: 392
Frame: 393
Frame: 394
Frame: 395
Frame: 396
Frame: 397
Frame: 398
Frame: 399
Frame: 400
Frame: 401
Frame: 402
Frame: 403
Frame: 404
Frame: 405
Frame: 406
Frame: 407
Frame: 408
Frame: 409
Frame: 410
Frame: 411
Frame: 412
Frame: 413
Frame: 414
Frame: 415
Frame: 416
Frame: 417
Frame: 418
Frame: 419
Frame: 420
Frame: 421
Frame: 422
Frame: 423
Frame: 424
Frame: 425
Frame: 426
Frame: 427
Frame: 428
Frame: 429
Frame: 430
Frame: 431
Frame: 432
Frame: 433
Frame: 434
Frame: 435
Frame: 436
Frame: 437
Frame: 438
Frame: 439
Frame: 440
Frame: 441
Frame: 442
Frame: 443
Frame: 444
Frame: 445
Frame: 446
Frame: 447
Frame: 448
Frame: 449
Frame: 450
Frame: 451
Frame: 452
Frame: 453
Frame: 454
Frame: 455
Frame: 456
Frame: 457
Frame: 458
Frame: 459
Frame: 460
Frame: 461
Frame: 462
Frame: 463
Frame: 464
Frame: 465
Frame: 466
Frame: 467
Frame: 468
Frame: 469
Frame: 470
Frame: 471
Frame: 472
Frame: 473
Frame: 474
Frame: 475
Frame: 476
Frame: 477
Frame: 478
Frame: 479
Frame: 480
Frame: 481
Frame: 482
Frame: 483
Frame: 484
Frame: 485
Frame: 486
Frame: 487
Frame: 488
Frame: 489
Frame: 490
Frame: 491
Frame: 492
Frame: 493
Frame: 494
Frame: 495
Frame: 496
Frame: 497
Frame: 498
Frame: 499
dcdplugin) detected standard 32-bit DCD file of native endianness
dcdplugin) CHARMM format DCD file (also NAMD 2.1 and later)
Info) Using plugin dcd for coordinates from file ../../6b73B/results/namd/step7.7_production.dcd-pbc.dcd
Info) Coordinate I/O rate 38.2 frames/sec, 64 MB/sec, 13.1 sec
Info) Finished with coordinate file ../../6b73B/results/namd/step7.7_production.dcd-pbc.dcd.
Frame: 0
Frame: 1
Frame: 2
Frame: 3
Frame: 4
Frame: 5
Frame: 6
Frame: 7
Frame: 8
Frame: 9
Frame: 10
Frame: 11
Frame: 12
Frame: 13
Frame: 14
Frame: 15
Frame: 16
Frame: 17
Frame: 18
Frame: 19
Frame: 20
Frame: 21
Frame: 22
Frame: 23
Frame: 24
Frame: 25
Frame: 26
Frame: 27
Frame: 28
Frame: 29
Frame: 30
Frame: 31
Frame: 32
Frame: 33
Frame: 34
Frame: 35
Frame: 36
Frame: 37
Frame: 38
Frame: 39
Frame: 40
Frame: 41
Frame: 42
Frame: 43
Frame: 44
Frame: 45
Frame: 46
Frame: 47
Frame: 48
Frame: 49
Frame: 50
Frame: 51
Frame: 52
Frame: 53
Frame: 54
Frame: 55
Frame: 56
Frame: 57
Frame: 58
Frame: 59
Frame: 60
Frame: 61
Frame: 62
Frame: 63
Frame: 64
Frame: 65
Frame: 66
Frame: 67
Frame: 68
Frame: 69
Frame: 70
Frame: 71
Frame: 72
Frame: 73
Frame: 74
Frame: 75
Frame: 76
Frame: 77
Frame: 78
Frame: 79
Frame: 80
Frame: 81
Frame: 82
Frame: 83
Frame: 84
Frame: 85
Frame: 86
Frame: 87
Frame: 88
Frame: 89
Frame: 90
Frame: 91
Frame: 92
Frame: 93
Frame: 94
Frame: 95
Frame: 96
Frame: 97
Frame: 98
Frame: 99
Frame: 100
Frame: 101
Frame: 102
Frame: 103
Frame: 104
Frame: 105
Frame: 106
Frame: 107
Frame: 108
Frame: 109
Frame: 110
Frame: 111
Frame: 112
Frame: 113
Frame: 114
Frame: 115
Frame: 116
Frame: 117
Frame: 118
Frame: 119
Frame: 120
Frame: 121
Frame: 122
Frame: 123
Frame: 124
Frame: 125
Frame: 126
Frame: 127
Frame: 128
Frame: 129
Frame: 130
Frame: 131
Frame: 132
Frame: 133
Frame: 134
Frame: 135
Frame: 136
Frame: 137
Frame: 138
Frame: 139
Frame: 140
Frame: 141
Frame: 142
Frame: 143
Frame: 144
Frame: 145
Frame: 146
Frame: 147
Frame: 148
Frame: 149
Frame: 150
Frame: 151
Frame: 152
Frame: 153
Frame: 154
Frame: 155
Frame: 156
Frame: 157
Frame: 158
Frame: 159
Frame: 160
Frame: 161
Frame: 162
Frame: 163
Frame: 164
Frame: 165
Frame: 166
Frame: 167
Frame: 168
Frame: 169
Frame: 170
Frame: 171
Frame: 172
Frame: 173
Frame: 174
Frame: 175
Frame: 176
Frame: 177
Frame: 178
Frame: 179
Frame: 180
Frame: 181
Frame: 182
Frame: 183
Frame: 184
Frame: 185
Frame: 186
Frame: 187
Frame: 188
Frame: 189
Frame: 190
Frame: 191
Frame: 192
Frame: 193
Frame: 194
Frame: 195
Frame: 196
Frame: 197
Frame: 198
Frame: 199
Frame: 200
Frame: 201
Frame: 202
Frame: 203
Frame: 204
Frame: 205
Frame: 206
Frame: 207
Frame: 208
Frame: 209
Frame: 210
Frame: 211
Frame: 212
Frame: 213
Frame: 214
Frame: 215
Frame: 216
Frame: 217
Frame: 218
Frame: 219
Frame: 220
Frame: 221
Frame: 222
Frame: 223
Frame: 224
Frame: 225
Frame: 226
Frame: 227
Frame: 228
Frame: 229
Frame: 230
Frame: 231
Frame: 232
Frame: 233
Frame: 234
Frame: 235
Frame: 236
Frame: 237
Frame: 238
Frame: 239
Frame: 240
Frame: 241
Frame: 242
Frame: 243
Frame: 244
Frame: 245
Frame: 246
Frame: 247
Frame: 248
Frame: 249
Frame: 250
Frame: 251
Frame: 252
Frame: 253
Frame: 254
Frame: 255
Frame: 256
Frame: 257
Frame: 258
Frame: 259
Frame: 260
Frame: 261
Frame: 262
Frame: 263
Frame: 264
Frame: 265
Frame: 266
Frame: 267
Frame: 268
Frame: 269
Frame: 270
Frame: 271
Frame: 272
Frame: 273
Frame: 274
Frame: 275
Frame: 276
Frame: 277
Frame: 278
Frame: 279
Frame: 280
Frame: 281
Frame: 282
Frame: 283
Frame: 284
Frame: 285
Frame: 286
Frame: 287
Frame: 288
Frame: 289
Frame: 290
Frame: 291
Frame: 292
Frame: 293
Frame: 294
Frame: 295
Frame: 296
Frame: 297
Frame: 298
Frame: 299
Frame: 300
Frame: 301
Frame: 302
Frame: 303
Frame: 304
Frame: 305
Frame: 306
Frame: 307
Frame: 308
Frame: 309
Frame: 310
Frame: 311
Frame: 312
Frame: 313
Frame: 314
Frame: 315
Frame: 316
Frame: 317
Frame: 318
Frame: 319
Frame: 320
Frame: 321
Frame: 322
Frame: 323
Frame: 324
Frame: 325
Frame: 326
Frame: 327
Frame: 328
Frame: 329
Frame: 330
Frame: 331
Frame: 332
Frame: 333
Frame: 334
Frame: 335
Frame: 336
Frame: 337
Frame: 338
Frame: 339
Frame: 340
Frame: 341
Frame: 342
Frame: 343
Frame: 344
Frame: 345
Frame: 346
Frame: 347
Frame: 348
Frame: 349
Frame: 350
Frame: 351
Frame: 352
Frame: 353
Frame: 354
Frame: 355
Frame: 356
Frame: 357
Frame: 358
Frame: 359
Frame: 360
Frame: 361
Frame: 362
Frame: 363
Frame: 364
Frame: 365
Frame: 366
Frame: 367
Frame: 368
Frame: 369
Frame: 370
Frame: 371
Frame: 372
Frame: 373
Frame: 374
Frame: 375
Frame: 376
Frame: 377
Frame: 378
Frame: 379
Frame: 380
Frame: 381
Frame: 382
Frame: 383
Frame: 384
Frame: 385
Frame: 386
Frame: 387
Frame: 388
Frame: 389
Frame: 390
Frame: 391
Frame: 392
Frame: 393
Frame: 394
Frame: 395
Frame: 396
Frame: 397
Frame: 398
Frame: 399
Frame: 400
Frame: 401
Frame: 402
Frame: 403
Frame: 404
Frame: 405
Frame: 406
Frame: 407
Frame: 408
Frame: 409
Frame: 410
Frame: 411
Frame: 412
Frame: 413
Frame: 414
Frame: 415
Frame: 416
Frame: 417
Frame: 418
Frame: 419
Frame: 420
Frame: 421
Frame: 422
Frame: 423
Frame: 424
Frame: 425
Frame: 426
Frame: 427
Frame: 428
Frame: 429
Frame: 430
Frame: 431
Frame: 432
Frame: 433
Frame: 434
Frame: 435
Frame: 436
Frame: 437
Frame: 438
Frame: 439
Frame: 440
Frame: 441
Frame: 442
Frame: 443
Frame: 444
Frame: 445
Frame: 446
Frame: 447
Frame: 448
Frame: 449
Frame: 450
Frame: 451
Frame: 452
Frame: 453
Frame: 454
Frame: 455
Frame: 456
Frame: 457
Frame: 458
Frame: 459
Frame: 460
Frame: 461
Frame: 462
Frame: 463
Frame: 464
Frame: 465
Frame: 466
Frame: 467
Frame: 468
Frame: 469
Frame: 470
Frame: 471
Frame: 472
Frame: 473
Frame: 474
Frame: 475
Frame: 476
Frame: 477
Frame: 478
Frame: 479
Frame: 480
Frame: 481
Frame: 482
Frame: 483
Frame: 484
Frame: 485
Frame: 486
Frame: 487
Frame: 488
Frame: 489
Frame: 490
Frame: 491
Frame: 492
Frame: 493
Frame: 494
Frame: 495
Frame: 496
Frame: 497
Frame: 498
Frame: 499
dcdplugin) detected standard 32-bit DCD file of native endianness
dcdplugin) CHARMM format DCD file (also NAMD 2.1 and later)
Info) Using plugin dcd for coordinates from file ../../6b73B/results/namd/step7.8_production.dcd-pbc.dcd
Info) Coordinate I/O rate 35.5 frames/sec, 59 MB/sec, 16.0 sec
Info) Finished with coordinate file ../../6b73B/results/namd/step7.8_production.dcd-pbc.dcd.
Frame: 0
Frame: 1
Frame: 2
Frame: 3
Frame: 4
Frame: 5
Frame: 6
Frame: 7
Frame: 8
Frame: 9
Frame: 10
Frame: 11
Frame: 12
Frame: 13
Frame: 14
Frame: 15
Frame: 16
Frame: 17
Frame: 18
Frame: 19
Frame: 20
Frame: 21
Frame: 22
Frame: 23
Frame: 24
Frame: 25
Frame: 26
Frame: 27
Frame: 28
Frame: 29
Frame: 30
Frame: 31
Frame: 32
Frame: 33
Frame: 34
Frame: 35
Frame: 36
Frame: 37
Frame: 38
Frame: 39
Frame: 40
Frame: 41
Frame: 42
Frame: 43
Frame: 44
Frame: 45
Frame: 46
Frame: 47
Frame: 48
Frame: 49
Frame: 50
Frame: 51
Frame: 52
Frame: 53
Frame: 54
Frame: 55
Frame: 56
Frame: 57
Frame: 58
Frame: 59
Frame: 60
Frame: 61
Frame: 62
Frame: 63
Frame: 64
Frame: 65
Frame: 66
Frame: 67
Frame: 68
Frame: 69
Frame: 70
Frame: 71
Frame: 72
Frame: 73
Frame: 74
Frame: 75
Frame: 76
Frame: 77
Frame: 78
Frame: 79
Frame: 80
Frame: 81
Frame: 82
Frame: 83
Frame: 84
Frame: 85
Frame: 86
Frame: 87
Frame: 88
Frame: 89
Frame: 90
Frame: 91
Frame: 92
Frame: 93
Frame: 94
Frame: 95
Frame: 96
Frame: 97
Frame: 98
Frame: 99
Frame: 100
Frame: 101
Frame: 102
Frame: 103
Frame: 104
Frame: 105
Frame: 106
Frame: 107
Frame: 108
Frame: 109
Frame: 110
Frame: 111
Frame: 112
Frame: 113
Frame: 114
Frame: 115
Frame: 116
Frame: 117
Frame: 118
Frame: 119
Frame: 120
Frame: 121
Frame: 122
Frame: 123
Frame: 124
Frame: 125
Frame: 126
Frame: 127
Frame: 128
Frame: 129
Frame: 130
Frame: 131
Frame: 132
Frame: 133
Frame: 134
Frame: 135
Frame: 136
Frame: 137
Frame: 138
Frame: 139
Frame: 140
Frame: 141
Frame: 142
Frame: 143
Frame: 144
Frame: 145
Frame: 146
Frame: 147
Frame: 148
Frame: 149
Frame: 150
Frame: 151
Frame: 152
Frame: 153
Frame: 154
Frame: 155
Frame: 156
Frame: 157
Frame: 158
Frame: 159
Frame: 160
Frame: 161
Frame: 162
Frame: 163
Frame: 164
Frame: 165
Frame: 166
Frame: 167
Frame: 168
Frame: 169
Frame: 170
Frame: 171
Frame: 172
Frame: 173
Frame: 174
Frame: 175
Frame: 176
Frame: 177
Frame: 178
Frame: 179
Frame: 180
Frame: 181
Frame: 182
Frame: 183
Frame: 184
Frame: 185
Frame: 186
Frame: 187
Frame: 188
Frame: 189
Frame: 190
Frame: 191
Frame: 192
Frame: 193
Frame: 194
Frame: 195
Frame: 196
Frame: 197
Frame: 198
Frame: 199
Frame: 200
Frame: 201
Frame: 202
Frame: 203
Frame: 204
Frame: 205
Frame: 206
Frame: 207
Frame: 208
Frame: 209
Frame: 210
Frame: 211
Frame: 212
Frame: 213
Frame: 214
Frame: 215
Frame: 216
Frame: 217
Frame: 218
Frame: 219
Frame: 220
Frame: 221
Frame: 222
Frame: 223
Frame: 224
Frame: 225
Frame: 226
Frame: 227
Frame: 228
Frame: 229
Frame: 230
Frame: 231
Frame: 232
Frame: 233
Frame: 234
Frame: 235
Frame: 236
Frame: 237
Frame: 238
Frame: 239
Frame: 240
Frame: 241
Frame: 242
Frame: 243
Frame: 244
Frame: 245
Frame: 246
Frame: 247
Frame: 248
Frame: 249
Frame: 250
Frame: 251
Frame: 252
Frame: 253
Frame: 254
Frame: 255
Frame: 256
Frame: 257
Frame: 258
Frame: 259
Frame: 260
Frame: 261
Frame: 262
Frame: 263
Frame: 264
Frame: 265
Frame: 266
Frame: 267
Frame: 268
Frame: 269
Frame: 270
Frame: 271
Frame: 272
Frame: 273
Frame: 274
Frame: 275
Frame: 276
Frame: 277
Frame: 278
Frame: 279
Frame: 280
Frame: 281
Frame: 282
Frame: 283
Frame: 284
Frame: 285
Frame: 286
Frame: 287
Frame: 288
Frame: 289
Frame: 290
Frame: 291
Frame: 292
Frame: 293
Frame: 294
Frame: 295
Frame: 296
Frame: 297
Frame: 298
Frame: 299
Frame: 300
Frame: 301
Frame: 302
Frame: 303
Frame: 304
Frame: 305
Frame: 306
Frame: 307
Frame: 308
Frame: 309
Frame: 310
Frame: 311
Frame: 312
Frame: 313
Frame: 314
Frame: 315
Frame: 316
Frame: 317
Frame: 318
Frame: 319
Frame: 320
Frame: 321
Frame: 322
Frame: 323
Frame: 324
Frame: 325
Frame: 326
Frame: 327
Frame: 328
Frame: 329
Frame: 330
Frame: 331
Frame: 332
Frame: 333
Frame: 334
Frame: 335
Frame: 336
Frame: 337
Frame: 338
Frame: 339
Frame: 340
Frame: 341
Frame: 342
Frame: 343
Frame: 344
Frame: 345
Frame: 346
Frame: 347
Frame: 348
Frame: 349
Frame: 350
Frame: 351
Frame: 352
Frame: 353
Frame: 354
Frame: 355
Frame: 356
Frame: 357
Frame: 358
Frame: 359
Frame: 360
Frame: 361
Frame: 362
Frame: 363
Frame: 364
Frame: 365
Frame: 366
Frame: 367
Frame: 368
Frame: 369
Frame: 370
Frame: 371
Frame: 372
Frame: 373
Frame: 374
Frame: 375
Frame: 376
Frame: 377
Frame: 378
Frame: 379
Frame: 380
Frame: 381
Frame: 382
Frame: 383
Frame: 384
Frame: 385
Frame: 386
Frame: 387
Frame: 388
Frame: 389
Frame: 390
Frame: 391
Frame: 392
Frame: 393
Frame: 394
Frame: 395
Frame: 396
Frame: 397
Frame: 398
Frame: 399
Frame: 400
Frame: 401
Frame: 402
Frame: 403
Frame: 404
Frame: 405
Frame: 406
Frame: 407
Frame: 408
Frame: 409
Frame: 410
Frame: 411
Frame: 412
Frame: 413
Frame: 414
Frame: 415
Frame: 416
Frame: 417
Frame: 418
Frame: 419
Frame: 420
Frame: 421
Frame: 422
Frame: 423
Frame: 424
Frame: 425
Frame: 426
Frame: 427
Frame: 428
Frame: 429
Frame: 430
Frame: 431
Frame: 432
Frame: 433
Frame: 434
Frame: 435
Frame: 436
Frame: 437
Frame: 438
Frame: 439
Frame: 440
Frame: 441
Frame: 442
Frame: 443
Frame: 444
Frame: 445
Frame: 446
Frame: 447
Frame: 448
Frame: 449
Frame: 450
Frame: 451
Frame: 452
Frame: 453
Frame: 454
Frame: 455
Frame: 456
Frame: 457
Frame: 458
Frame: 459
Frame: 460
Frame: 461
Frame: 462
Frame: 463
Frame: 464
Frame: 465
Frame: 466
Frame: 467
Frame: 468
Frame: 469
Frame: 470
Frame: 471
Frame: 472
Frame: 473
Frame: 474
Frame: 475
Frame: 476
Frame: 477
Frame: 478
Frame: 479
Frame: 480
Frame: 481
Frame: 482
Frame: 483
Frame: 484
Frame: 485
Frame: 486
Frame: 487
Frame: 488
Frame: 489
Frame: 490
Frame: 491
Frame: 492
Frame: 493
Frame: 494
Frame: 495
Frame: 496
Frame: 497
Frame: 498
Frame: 499
Frame: 500
Frame: 501
Frame: 502
Frame: 503
Frame: 504
Frame: 505
Frame: 506
Frame: 507
Frame: 508
Frame: 509
Frame: 510
Frame: 511
Frame: 512
Frame: 513
Frame: 514
Frame: 515
Frame: 516
Frame: 517
Frame: 518
Frame: 519
Frame: 520
Frame: 521
Frame: 522
Frame: 523
Frame: 524
Frame: 525
Frame: 526
Frame: 527
Frame: 528
Frame: 529
Frame: 530
Frame: 531
Frame: 532
Frame: 533
Frame: 534
Frame: 535
Frame: 536
Frame: 537
Frame: 538
Frame: 539
Frame: 540
Frame: 541
Frame: 542
Frame: 543
Frame: 544
Frame: 545
Frame: 546
Frame: 547
Frame: 548
Frame: 549
Frame: 550
Frame: 551
Frame: 552
Frame: 553
Frame: 554
Frame: 555
Frame: 556
Frame: 557
Frame: 558
Frame: 559
Frame: 560
Frame: 561
Frame: 562
Frame: 563
Frame: 564
Frame: 565
Frame: 566
Frame: 567
dcdplugin) detected standard 32-bit DCD file of native endianness
dcdplugin) CHARMM format DCD file (also NAMD 2.1 and later)
Info) Using plugin dcd for coordinates from file ../../6b73B/results/namd/step7.9_production.dcd-pbc.dcd
Info) Coordinate I/O rate 35.1 frames/sec, 58 MB/sec, 14.2 sec
Info) Finished with coordinate file ../../6b73B/results/namd/step7.9_production.dcd-pbc.dcd.
Frame: 0
Frame: 1
Frame: 2
Frame: 3
Frame: 4
Frame: 5
Frame: 6
Frame: 7
Frame: 8
Frame: 9
Frame: 10
Frame: 11
Frame: 12
Frame: 13
Frame: 14
Frame: 15
Frame: 16
Frame: 17
Frame: 18
Frame: 19
Frame: 20
Frame: 21
Frame: 22
Frame: 23
Frame: 24
Frame: 25
Frame: 26
Frame: 27
Frame: 28
Frame: 29
Frame: 30
Frame: 31
Frame: 32
Frame: 33
Frame: 34
Frame: 35
Frame: 36
Frame: 37
Frame: 38
Frame: 39
Frame: 40
Frame: 41
Frame: 42
Frame: 43
Frame: 44
Frame: 45
Frame: 46
Frame: 47
Frame: 48
Frame: 49
Frame: 50
Frame: 51
Frame: 52
Frame: 53
Frame: 54
Frame: 55
Frame: 56
Frame: 57
Frame: 58
Frame: 59
Frame: 60
Frame: 61
Frame: 62
Frame: 63
Frame: 64
Frame: 65
Frame: 66
Frame: 67
Frame: 68
Frame: 69
Frame: 70
Frame: 71
Frame: 72
Frame: 73
Frame: 74
Frame: 75
Frame: 76
Frame: 77
Frame: 78
Frame: 79
Frame: 80
Frame: 81
Frame: 82
Frame: 83
Frame: 84
Frame: 85
Frame: 86
Frame: 87
Frame: 88
Frame: 89
Frame: 90
Frame: 91
Frame: 92
Frame: 93
Frame: 94
Frame: 95
Frame: 96
Frame: 97
Frame: 98
Frame: 99
Frame: 100
Frame: 101
Frame: 102
Frame: 103
Frame: 104
Frame: 105
Frame: 106
Frame: 107
Frame: 108
Frame: 109
Frame: 110
Frame: 111
Frame: 112
Frame: 113
Frame: 114
Frame: 115
Frame: 116
Frame: 117
Frame: 118
Frame: 119
Frame: 120
Frame: 121
Frame: 122
Frame: 123
Frame: 124
Frame: 125
Frame: 126
Frame: 127
Frame: 128
Frame: 129
Frame: 130
Frame: 131
Frame: 132
Frame: 133
Frame: 134
Frame: 135
Frame: 136
Frame: 137
Frame: 138
Frame: 139
Frame: 140
Frame: 141
Frame: 142
Frame: 143
Frame: 144
Frame: 145
Frame: 146
Frame: 147
Frame: 148
Frame: 149
Frame: 150
Frame: 151
Frame: 152
Frame: 153
Frame: 154
Frame: 155
Frame: 156
Frame: 157
Frame: 158
Frame: 159
Frame: 160
Frame: 161
Frame: 162
Frame: 163
Frame: 164
Frame: 165
Frame: 166
Frame: 167
Frame: 168
Frame: 169
Frame: 170
Frame: 171
Frame: 172
Frame: 173
Frame: 174
Frame: 175
Frame: 176
Frame: 177
Frame: 178
Frame: 179
Frame: 180
Frame: 181
Frame: 182
Frame: 183
Frame: 184
Frame: 185
Frame: 186
Frame: 187
Frame: 188
Frame: 189
Frame: 190
Frame: 191
Frame: 192
Frame: 193
Frame: 194
Frame: 195
Frame: 196
Frame: 197
Frame: 198
Frame: 199
Frame: 200
Frame: 201
Frame: 202
Frame: 203
Frame: 204
Frame: 205
Frame: 206
Frame: 207
Frame: 208
Frame: 209
Frame: 210
Frame: 211
Frame: 212
Frame: 213
Frame: 214
Frame: 215
Frame: 216
Frame: 217
Frame: 218
Frame: 219
Frame: 220
Frame: 221
Frame: 222
Frame: 223
Frame: 224
Frame: 225
Frame: 226
Frame: 227
Frame: 228
Frame: 229
Frame: 230
Frame: 231
Frame: 232
Frame: 233
Frame: 234
Frame: 235
Frame: 236
Frame: 237
Frame: 238
Frame: 239
Frame: 240
Frame: 241
Frame: 242
Frame: 243
Frame: 244
Frame: 245
Frame: 246
Frame: 247
Frame: 248
Frame: 249
Frame: 250
Frame: 251
Frame: 252
Frame: 253
Frame: 254
Frame: 255
Frame: 256
Frame: 257
Frame: 258
Frame: 259
Frame: 260
Frame: 261
Frame: 262
Frame: 263
Frame: 264
Frame: 265
Frame: 266
Frame: 267
Frame: 268
Frame: 269
Frame: 270
Frame: 271
Frame: 272
Frame: 273
Frame: 274
Frame: 275
Frame: 276
Frame: 277
Frame: 278
Frame: 279
Frame: 280
Frame: 281
Frame: 282
Frame: 283
Frame: 284
Frame: 285
Frame: 286
Frame: 287
Frame: 288
Frame: 289
Frame: 290
Frame: 291
Frame: 292
Frame: 293
Frame: 294
Frame: 295
Frame: 296
Frame: 297
Frame: 298
Frame: 299
Frame: 300
Frame: 301
Frame: 302
Frame: 303
Frame: 304
Frame: 305
Frame: 306
Frame: 307
Frame: 308
Frame: 309
Frame: 310
Frame: 311
Frame: 312
Frame: 313
Frame: 314
Frame: 315
Frame: 316
Frame: 317
Frame: 318
Frame: 319
Frame: 320
Frame: 321
Frame: 322
Frame: 323
Frame: 324
Frame: 325
Frame: 326
Frame: 327
Frame: 328
Frame: 329
Frame: 330
Frame: 331
Frame: 332
Frame: 333
Frame: 334
Frame: 335
Frame: 336
Frame: 337
Frame: 338
Frame: 339
Frame: 340
Frame: 341
Frame: 342
Frame: 343
Frame: 344
Frame: 345
Frame: 346
Frame: 347
Frame: 348
Frame: 349
Frame: 350
Frame: 351
Frame: 352
Frame: 353
Frame: 354
Frame: 355
Frame: 356
Frame: 357
Frame: 358
Frame: 359
Frame: 360
Frame: 361
Frame: 362
Frame: 363
Frame: 364
Frame: 365
Frame: 366
Frame: 367
Frame: 368
Frame: 369
Frame: 370
Frame: 371
Frame: 372
Frame: 373
Frame: 374
Frame: 375
Frame: 376
Frame: 377
Frame: 378
Frame: 379
Frame: 380
Frame: 381
Frame: 382
Frame: 383
Frame: 384
Frame: 385
Frame: 386
Frame: 387
Frame: 388
Frame: 389
Frame: 390
Frame: 391
Frame: 392
Frame: 393
Frame: 394
Frame: 395
Frame: 396
Frame: 397
Frame: 398
Frame: 399
Frame: 400
Frame: 401
Frame: 402
Frame: 403
Frame: 404
Frame: 405
Frame: 406
Frame: 407
Frame: 408
Frame: 409
Frame: 410
Frame: 411
Frame: 412
Frame: 413
Frame: 414
Frame: 415
Frame: 416
Frame: 417
Frame: 418
Frame: 419
Frame: 420
Frame: 421
Frame: 422
Frame: 423
Frame: 424
Frame: 425
Frame: 426
Frame: 427
Frame: 428
Frame: 429
Frame: 430
Frame: 431
Frame: 432
Frame: 433
Frame: 434
Frame: 435
Frame: 436
Frame: 437
Frame: 438
Frame: 439
Frame: 440
Frame: 441
Frame: 442
Frame: 443
Frame: 444
Frame: 445
Frame: 446
Frame: 447
Frame: 448
Frame: 449
Frame: 450
Frame: 451
Frame: 452
Frame: 453
Frame: 454
Frame: 455
Frame: 456
Frame: 457
Frame: 458
Frame: 459
Frame: 460
Frame: 461
Frame: 462
Frame: 463
Frame: 464
Frame: 465
Frame: 466
Frame: 467
Frame: 468
Frame: 469
Frame: 470
Frame: 471
Frame: 472
Frame: 473
Frame: 474
Frame: 475
Frame: 476
Frame: 477
Frame: 478
Frame: 479
Frame: 480
Frame: 481
Frame: 482
Frame: 483
Frame: 484
Frame: 485
Frame: 486
Frame: 487
Frame: 488
Frame: 489
Frame: 490
Frame: 491
Frame: 492
Frame: 493
Frame: 494
Frame: 495
Frame: 496
Frame: 497
Frame: 498
Frame: 499
dcdplugin) detected standard 32-bit DCD file of native endianness
dcdplugin) CHARMM format DCD file (also NAMD 2.1 and later)
Info) Using plugin dcd for coordinates from file ../../6b73B/results/namd/step7.10_production.dcd-pbc.dcd
Info) Coordinate I/O rate 31.5 frames/sec, 52 MB/sec, 13.7 sec
Info) Finished with coordinate file ../../6b73B/results/namd/step7.10_production.dcd-pbc.dcd.
Frame: 0
Frame: 1
Frame: 2
Frame: 3
Frame: 4
Frame: 5
Frame: 6
Frame: 7
Frame: 8
Frame: 9
Frame: 10
Frame: 11
Frame: 12
Frame: 13
Frame: 14
Frame: 15
Frame: 16
Frame: 17
Frame: 18
Frame: 19
Frame: 20
Frame: 21
Frame: 22
Frame: 23
Frame: 24
Frame: 25
Frame: 26
Frame: 27
Frame: 28
Frame: 29
Frame: 30
Frame: 31
Frame: 32
Frame: 33
Frame: 34
Frame: 35
Frame: 36
Frame: 37
Frame: 38
Frame: 39
Frame: 40
Frame: 41
Frame: 42
Frame: 43
Frame: 44
Frame: 45
Frame: 46
Frame: 47
Frame: 48
Frame: 49
Frame: 50
Frame: 51
Frame: 52
Frame: 53
Frame: 54
Frame: 55
Frame: 56
Frame: 57
Frame: 58
Frame: 59
Frame: 60
Frame: 61
Frame: 62
Frame: 63
Frame: 64
Frame: 65
Frame: 66
Frame: 67
Frame: 68
Frame: 69
Frame: 70
Frame: 71
Frame: 72
Frame: 73
Frame: 74
Frame: 75
Frame: 76
Frame: 77
Frame: 78
Frame: 79
Frame: 80
Frame: 81
Frame: 82
Frame: 83
Frame: 84
Frame: 85
Frame: 86
Frame: 87
Frame: 88
Frame: 89
Frame: 90
Frame: 91
Frame: 92
Frame: 93
Frame: 94
Frame: 95
Frame: 96
Frame: 97
Frame: 98
Frame: 99
Frame: 100
Frame: 101
Frame: 102
Frame: 103
Frame: 104
Frame: 105
Frame: 106
Frame: 107
Frame: 108
Frame: 109
Frame: 110
Frame: 111
Frame: 112
Frame: 113
Frame: 114
Frame: 115
Frame: 116
Frame: 117
Frame: 118
Frame: 119
Frame: 120
Frame: 121
Frame: 122
Frame: 123
Frame: 124
Frame: 125
Frame: 126
Frame: 127
Frame: 128
Frame: 129
Frame: 130
Frame: 131
Frame: 132
Frame: 133
Frame: 134
Frame: 135
Frame: 136
Frame: 137
Frame: 138
Frame: 139
Frame: 140
Frame: 141
Frame: 142
Frame: 143
Frame: 144
Frame: 145
Frame: 146
Frame: 147
Frame: 148
Frame: 149
Frame: 150
Frame: 151
Frame: 152
Frame: 153
Frame: 154
Frame: 155
Frame: 156
Frame: 157
Frame: 158
Frame: 159
Frame: 160
Frame: 161
Frame: 162
Frame: 163
Frame: 164
Frame: 165
Frame: 166
Frame: 167
Frame: 168
Frame: 169
Frame: 170
Frame: 171
Frame: 172
Frame: 173
Frame: 174
Frame: 175
Frame: 176
Frame: 177
Frame: 178
Frame: 179
Frame: 180
Frame: 181
Frame: 182
Frame: 183
Frame: 184
Frame: 185
Frame: 186
Frame: 187
Frame: 188
Frame: 189
Frame: 190
Frame: 191
Frame: 192
Frame: 193
Frame: 194
Frame: 195
Frame: 196
Frame: 197
Frame: 198
Frame: 199
Frame: 200
Frame: 201
Frame: 202
Frame: 203
Frame: 204
Frame: 205
Frame: 206
Frame: 207
Frame: 208
Frame: 209
Frame: 210
Frame: 211
Frame: 212
Frame: 213
Frame: 214
Frame: 215
Frame: 216
Frame: 217
Frame: 218
Frame: 219
Frame: 220
Frame: 221
Frame: 222
Frame: 223
Frame: 224
Frame: 225
Frame: 226
Frame: 227
Frame: 228
Frame: 229
Frame: 230
Frame: 231
Frame: 232
Frame: 233
Frame: 234
Frame: 235
Frame: 236
Frame: 237
Frame: 238
Frame: 239
Frame: 240
Frame: 241
Frame: 242
Frame: 243
Frame: 244
Frame: 245
Frame: 246
Frame: 247
Frame: 248
Frame: 249
Frame: 250
Frame: 251
Frame: 252
Frame: 253
Frame: 254
Frame: 255
Frame: 256
Frame: 257
Frame: 258
Frame: 259
Frame: 260
Frame: 261
Frame: 262
Frame: 263
Frame: 264
Frame: 265
Frame: 266
Frame: 267
Frame: 268
Frame: 269
Frame: 270
Frame: 271
Frame: 272
Frame: 273
Frame: 274
Frame: 275
Frame: 276
Frame: 277
Frame: 278
Frame: 279
Frame: 280
Frame: 281
Frame: 282
Frame: 283
Frame: 284
Frame: 285
Frame: 286
Frame: 287
Frame: 288
Frame: 289
Frame: 290
Frame: 291
Frame: 292
Frame: 293
Frame: 294
Frame: 295
Frame: 296
Frame: 297
Frame: 298
Frame: 299
Frame: 300
Frame: 301
Frame: 302
Frame: 303
Frame: 304
Frame: 305
Frame: 306
Frame: 307
Frame: 308
Frame: 309
Frame: 310
Frame: 311
Frame: 312
Frame: 313
Frame: 314
Frame: 315
Frame: 316
Frame: 317
Frame: 318
Frame: 319
Frame: 320
Frame: 321
Frame: 322
Frame: 323
Frame: 324
Frame: 325
Frame: 326
Frame: 327
Frame: 328
Frame: 329
Frame: 330
Frame: 331
Frame: 332
Frame: 333
Frame: 334
Frame: 335
Frame: 336
Frame: 337
Frame: 338
Frame: 339
Frame: 340
Frame: 341
Frame: 342
Frame: 343
Frame: 344
Frame: 345
Frame: 346
Frame: 347
Frame: 348
Frame: 349
Frame: 350
Frame: 351
Frame: 352
Frame: 353
Frame: 354
Frame: 355
Frame: 356
Frame: 357
Frame: 358
Frame: 359
Frame: 360
Frame: 361
Frame: 362
Frame: 363
Frame: 364
Frame: 365
Frame: 366
Frame: 367
Frame: 368
Frame: 369
Frame: 370
Frame: 371
Frame: 372
Frame: 373
Frame: 374
Frame: 375
Frame: 376
Frame: 377
Frame: 378
Frame: 379
Frame: 380
Frame: 381
Frame: 382
Frame: 383
Frame: 384
Frame: 385
Frame: 386
Frame: 387
Frame: 388
Frame: 389
Frame: 390
Frame: 391
Frame: 392
Frame: 393
Frame: 394
Frame: 395
Frame: 396
Frame: 397
Frame: 398
Frame: 399
Frame: 400
Frame: 401
Frame: 402
Frame: 403
Frame: 404
Frame: 405
Frame: 406
Frame: 407
Frame: 408
Frame: 409
Frame: 410
Frame: 411
Frame: 412
Frame: 413
Frame: 414
Frame: 415
Frame: 416
Frame: 417
Frame: 418
Frame: 419
Frame: 420
Frame: 421
Frame: 422
Frame: 423
Frame: 424
Frame: 425
Frame: 426
Frame: 427
Frame: 428
Frame: 429
Frame: 430
Frame: 431
dcdplugin) detected standard 32-bit DCD file of native endianness
dcdplugin) CHARMM format DCD file (also NAMD 2.1 and later)
Info) Using plugin dcd for coordinates from file ../../6b73B/results/namd/step7.11_production.dcd-pbc.dcd
Info) Coordinate I/O rate 32.2 frames/sec, 54 MB/sec, 13.6 sec
Info) Finished with coordinate file ../../6b73B/results/namd/step7.11_production.dcd-pbc.dcd.
Frame: 0
Frame: 1
Frame: 2
Frame: 3
Frame: 4
Frame: 5
Frame: 6
Frame: 7
Frame: 8
Frame: 9
Frame: 10
Frame: 11
Frame: 12
Frame: 13
Frame: 14
Frame: 15
Frame: 16
Frame: 17
Frame: 18
Frame: 19
Frame: 20
Frame: 21
Frame: 22
Frame: 23
Frame: 24
Frame: 25
Frame: 26
Frame: 27
Frame: 28
Frame: 29
Frame: 30
Frame: 31
Frame: 32
Frame: 33
Frame: 34
Frame: 35
Frame: 36
Frame: 37
Frame: 38
Frame: 39
Frame: 40
Frame: 41
Frame: 42
Frame: 43
Frame: 44
Frame: 45
Frame: 46
Frame: 47
Frame: 48
Frame: 49
Frame: 50
Frame: 51
Frame: 52
Frame: 53
Frame: 54
Frame: 55
Frame: 56
Frame: 57
Frame: 58
Frame: 59
Frame: 60
Frame: 61
Frame: 62
Frame: 63
Frame: 64
Frame: 65
Frame: 66
Frame: 67
Frame: 68
Frame: 69
Frame: 70
Frame: 71
Frame: 72
Frame: 73
Frame: 74
Frame: 75
Frame: 76
Frame: 77
Frame: 78
Frame: 79
Frame: 80
Frame: 81
Frame: 82
Frame: 83
Frame: 84
Frame: 85
Frame: 86
Frame: 87
Frame: 88
Frame: 89
Frame: 90
Frame: 91
Frame: 92
Frame: 93
Frame: 94
Frame: 95
Frame: 96
Frame: 97
Frame: 98
Frame: 99
Frame: 100
Frame: 101
Frame: 102
Frame: 103
Frame: 104
Frame: 105
Frame: 106
Frame: 107
Frame: 108
Frame: 109
Frame: 110
Frame: 111
Frame: 112
Frame: 113
Frame: 114
Frame: 115
Frame: 116
Frame: 117
Frame: 118
Frame: 119
Frame: 120
Frame: 121
Frame: 122
Frame: 123
Frame: 124
Frame: 125
Frame: 126
Frame: 127
Frame: 128
Frame: 129
Frame: 130
Frame: 131
Frame: 132
Frame: 133
Frame: 134
Frame: 135
Frame: 136
Frame: 137
Frame: 138
Frame: 139
Frame: 140
Frame: 141
Frame: 142
Frame: 143
Frame: 144
Frame: 145
Frame: 146
Frame: 147
Frame: 148
Frame: 149
Frame: 150
Frame: 151
Frame: 152
Frame: 153
Frame: 154
Frame: 155
Frame: 156
Frame: 157
Frame: 158
Frame: 159
Frame: 160
Frame: 161
Frame: 162
Frame: 163
Frame: 164
Frame: 165
Frame: 166
Frame: 167
Frame: 168
Frame: 169
Frame: 170
Frame: 171
Frame: 172
Frame: 173
Frame: 174
Frame: 175
Frame: 176
Frame: 177
Frame: 178
Frame: 179
Frame: 180
Frame: 181
Frame: 182
Frame: 183
Frame: 184
Frame: 185
Frame: 186
Frame: 187
Frame: 188
Frame: 189
Frame: 190
Frame: 191
Frame: 192
Frame: 193
Frame: 194
Frame: 195
Frame: 196
Frame: 197
Frame: 198
Frame: 199
Frame: 200
Frame: 201
Frame: 202
Frame: 203
Frame: 204
Frame: 205
Frame: 206
Frame: 207
Frame: 208
Frame: 209
Frame: 210
Frame: 211
Frame: 212
Frame: 213
Frame: 214
Frame: 215
Frame: 216
Frame: 217
Frame: 218
Frame: 219
Frame: 220
Frame: 221
Frame: 222
Frame: 223
Frame: 224
Frame: 225
Frame: 226
Frame: 227
Frame: 228
Frame: 229
Frame: 230
Frame: 231
Frame: 232
Frame: 233
Frame: 234
Frame: 235
Frame: 236
Frame: 237
Frame: 238
Frame: 239
Frame: 240
Frame: 241
Frame: 242
Frame: 243
Frame: 244
Frame: 245
Frame: 246
Frame: 247
Frame: 248
Frame: 249
Frame: 250
Frame: 251
Frame: 252
Frame: 253
Frame: 254
Frame: 255
Frame: 256
Frame: 257
Frame: 258
Frame: 259
Frame: 260
Frame: 261
Frame: 262
Frame: 263
Frame: 264
Frame: 265
Frame: 266
Frame: 267
Frame: 268
Frame: 269
Frame: 270
Frame: 271
Frame: 272
Frame: 273
Frame: 274
Frame: 275
Frame: 276
Frame: 277
Frame: 278
Frame: 279
Frame: 280
Frame: 281
Frame: 282
Frame: 283
Frame: 284
Frame: 285
Frame: 286
Frame: 287
Frame: 288
Frame: 289
Frame: 290
Frame: 291
Frame: 292
Frame: 293
Frame: 294
Frame: 295
Frame: 296
Frame: 297
Frame: 298
Frame: 299
Frame: 300
Frame: 301
Frame: 302
Frame: 303
Frame: 304
Frame: 305
Frame: 306
Frame: 307
Frame: 308
Frame: 309
Frame: 310
Frame: 311
Frame: 312
Frame: 313
Frame: 314
Frame: 315
Frame: 316
Frame: 317
Frame: 318
Frame: 319
Frame: 320
Frame: 321
Frame: 322
Frame: 323
Frame: 324
Frame: 325
Frame: 326
Frame: 327
Frame: 328
Frame: 329
Frame: 330
Frame: 331
Frame: 332
Frame: 333
Frame: 334
Frame: 335
Frame: 336
Frame: 337
Frame: 338
Frame: 339
Frame: 340
Frame: 341
Frame: 342
Frame: 343
Frame: 344
Frame: 345
Frame: 346
Frame: 347
Frame: 348
Frame: 349
Frame: 350
Frame: 351
Frame: 352
Frame: 353
Frame: 354
Frame: 355
Frame: 356
Frame: 357
Frame: 358
Frame: 359
Frame: 360
Frame: 361
Frame: 362
Frame: 363
Frame: 364
Frame: 365
Frame: 366
Frame: 367
Frame: 368
Frame: 369
Frame: 370
Frame: 371
Frame: 372
Frame: 373
Frame: 374
Frame: 375
Frame: 376
Frame: 377
Frame: 378
Frame: 379
Frame: 380
Frame: 381
Frame: 382
Frame: 383
Frame: 384
Frame: 385
Frame: 386
Frame: 387
Frame: 388
Frame: 389
Frame: 390
Frame: 391
Frame: 392
Frame: 393
Frame: 394
Frame: 395
Frame: 396
Frame: 397
Frame: 398
Frame: 399
Frame: 400
Frame: 401
Frame: 402
Frame: 403
Frame: 404
Frame: 405
Frame: 406
Frame: 407
Frame: 408
Frame: 409
Frame: 410
Frame: 411
Frame: 412
Frame: 413
Frame: 414
Frame: 415
Frame: 416
Frame: 417
Frame: 418
Frame: 419
Frame: 420
Frame: 421
Frame: 422
Frame: 423
Frame: 424
Frame: 425
Frame: 426
Frame: 427
Frame: 428
Frame: 429
Frame: 430
Frame: 431
Frame: 432
Frame: 433
Frame: 434
Frame: 435
Frame: 436
dcdplugin) detected standard 32-bit DCD file of native endianness
dcdplugin) CHARMM format DCD file (also NAMD 2.1 and later)
Info) Using plugin dcd for coordinates from file ../../6b73B/results/namd/step7.12_production.dcd-pbc.dcd
Info) Coordinate I/O rate 39.9 frames/sec, 67 MB/sec, 10.5 sec
Info) Finished with coordinate file ../../6b73B/results/namd/step7.12_production.dcd-pbc.dcd.
Frame: 0
Frame: 1
Frame: 2
Frame: 3
Frame: 4
Frame: 5
Frame: 6
Frame: 7
Frame: 8
Frame: 9
Frame: 10
Frame: 11
Frame: 12
Frame: 13
Frame: 14
Frame: 15
Frame: 16
Frame: 17
Frame: 18
Frame: 19
Frame: 20
Frame: 21
Frame: 22
Frame: 23
Frame: 24
Frame: 25
Frame: 26
Frame: 27
Frame: 28
Frame: 29
Frame: 30
Frame: 31
Frame: 32
Frame: 33
Frame: 34
Frame: 35
Frame: 36
Frame: 37
Frame: 38
Frame: 39
Frame: 40
Frame: 41
Frame: 42
Frame: 43
Frame: 44
Frame: 45
Frame: 46
Frame: 47
Frame: 48
Frame: 49
Frame: 50
Frame: 51
Frame: 52
Frame: 53
Frame: 54
Frame: 55
Frame: 56
Frame: 57
Frame: 58
Frame: 59
Frame: 60
Frame: 61
Frame: 62
Frame: 63
Frame: 64
Frame: 65
Frame: 66
Frame: 67
Frame: 68
Frame: 69
Frame: 70
Frame: 71
Frame: 72
Frame: 73
Frame: 74
Frame: 75
Frame: 76
Frame: 77
Frame: 78
Frame: 79
Frame: 80
Frame: 81
Frame: 82
Frame: 83
Frame: 84
Frame: 85
Frame: 86
Frame: 87
Frame: 88
Frame: 89
Frame: 90
Frame: 91
Frame: 92
Frame: 93
Frame: 94
Frame: 95
Frame: 96
Frame: 97
Frame: 98
Frame: 99
Frame: 100
Frame: 101
Frame: 102
Frame: 103
Frame: 104
Frame: 105
Frame: 106
Frame: 107
Frame: 108
Frame: 109
Frame: 110
Frame: 111
Frame: 112
Frame: 113
Frame: 114
Frame: 115
Frame: 116
Frame: 117
Frame: 118
Frame: 119
Frame: 120
Frame: 121
Frame: 122
Frame: 123
Frame: 124
Frame: 125
Frame: 126
Frame: 127
Frame: 128
Frame: 129
Frame: 130
Frame: 131
Frame: 132
Frame: 133
Frame: 134
Frame: 135
Frame: 136
Frame: 137
Frame: 138
Frame: 139
Frame: 140
Frame: 141
Frame: 142
Frame: 143
Frame: 144
Frame: 145
Frame: 146
Frame: 147
Frame: 148
Frame: 149
Frame: 150
Frame: 151
Frame: 152
Frame: 153
Frame: 154
Frame: 155
Frame: 156
Frame: 157
Frame: 158
Frame: 159
Frame: 160
Frame: 161
Frame: 162
Frame: 163
Frame: 164
Frame: 165
Frame: 166
Frame: 167
Frame: 168
Frame: 169
Frame: 170
Frame: 171
Frame: 172
Frame: 173
Frame: 174
Frame: 175
Frame: 176
Frame: 177
Frame: 178
Frame: 179
Frame: 180
Frame: 181
Frame: 182
Frame: 183
Frame: 184
Frame: 185
Frame: 186
Frame: 187
Frame: 188
Frame: 189
Frame: 190
Frame: 191
Frame: 192
Frame: 193
Frame: 194
Frame: 195
Frame: 196
Frame: 197
Frame: 198
Frame: 199
Frame: 200
Frame: 201
Frame: 202
Frame: 203
Frame: 204
Frame: 205
Frame: 206
Frame: 207
Frame: 208
Frame: 209
Frame: 210
Frame: 211
Frame: 212
Frame: 213
Frame: 214
Frame: 215
Frame: 216
Frame: 217
Frame: 218
Frame: 219
Frame: 220
Frame: 221
Frame: 222
Frame: 223
Frame: 224
Frame: 225
Frame: 226
Frame: 227
Frame: 228
Frame: 229
Frame: 230
Frame: 231
Frame: 232
Frame: 233
Frame: 234
Frame: 235
Frame: 236
Frame: 237
Frame: 238
Frame: 239
Frame: 240
Frame: 241
Frame: 242
Frame: 243
Frame: 244
Frame: 245
Frame: 246
Frame: 247
Frame: 248
Frame: 249
Frame: 250
Frame: 251
Frame: 252
Frame: 253
Frame: 254
Frame: 255
Frame: 256
Frame: 257
Frame: 258
Frame: 259
Frame: 260
Frame: 261
Frame: 262
Frame: 263
Frame: 264
Frame: 265
Frame: 266
Frame: 267
Frame: 268
Frame: 269
Frame: 270
Frame: 271
Frame: 272
Frame: 273
Frame: 274
Frame: 275
Frame: 276
Frame: 277
Frame: 278
Frame: 279
Frame: 280
Frame: 281
Frame: 282
Frame: 283
Frame: 284
Frame: 285
Frame: 286
Frame: 287
Frame: 288
Frame: 289
Frame: 290
Frame: 291
Frame: 292
Frame: 293
Frame: 294
Frame: 295
Frame: 296
Frame: 297
Frame: 298
Frame: 299
Frame: 300
Frame: 301
Frame: 302
Frame: 303
Frame: 304
Frame: 305
Frame: 306
Frame: 307
Frame: 308
Frame: 309
Frame: 310
Frame: 311
Frame: 312
Frame: 313
Frame: 314
Frame: 315
Frame: 316
Frame: 317
Frame: 318
Frame: 319
Frame: 320
Frame: 321
Frame: 322
Frame: 323
Frame: 324
Frame: 325
Frame: 326
Frame: 327
Frame: 328
Frame: 329
Frame: 330
Frame: 331
Frame: 332
Frame: 333
Frame: 334
Frame: 335
Frame: 336
Frame: 337
Frame: 338
Frame: 339
Frame: 340
Frame: 341
Frame: 342
Frame: 343
Frame: 344
Frame: 345
Frame: 346
Frame: 347
Frame: 348
Frame: 349
Frame: 350
Frame: 351
Frame: 352
Frame: 353
Frame: 354
Frame: 355
Frame: 356
Frame: 357
Frame: 358
Frame: 359
Frame: 360
Frame: 361
Frame: 362
Frame: 363
Frame: 364
Frame: 365
Frame: 366
Frame: 367
Frame: 368
Frame: 369
Frame: 370
Frame: 371
Frame: 372
Frame: 373
Frame: 374
Frame: 375
Frame: 376
Frame: 377
Frame: 378
Frame: 379
Frame: 380
Frame: 381
Frame: 382
Frame: 383
Frame: 384
Frame: 385
Frame: 386
Frame: 387
Frame: 388
Frame: 389
Frame: 390
Frame: 391
Frame: 392
Frame: 393
Frame: 394
Frame: 395
Frame: 396
Frame: 397
Frame: 398
Frame: 399
Frame: 400
Frame: 401
Frame: 402
Frame: 403
Frame: 404
Frame: 405
Frame: 406
Frame: 407
Frame: 408
Frame: 409
Frame: 410
Frame: 411
Frame: 412
Frame: 413
Frame: 414
Frame: 415
Frame: 416
Frame: 417
Frame: 418
Frame: 419
dcdplugin) detected standard 32-bit DCD file of native endianness
dcdplugin) CHARMM format DCD file (also NAMD 2.1 and later)
Info) Using plugin dcd for coordinates from file ../../6b73B/results/namd/step7.13_production.dcd-pbc.dcd
Info) Coordinate I/O rate 35.0 frames/sec, 58 MB/sec, 10.3 sec
Info) Finished with coordinate file ../../6b73B/results/namd/step7.13_production.dcd-pbc.dcd.
Frame: 0
Frame: 1
Frame: 2
Frame: 3
Frame: 4
Frame: 5
Frame: 6
Frame: 7
Frame: 8
Frame: 9
Frame: 10
Frame: 11
Frame: 12
Frame: 13
Frame: 14
Frame: 15
Frame: 16
Frame: 17
Frame: 18
Frame: 19
Frame: 20
Frame: 21
Frame: 22
Frame: 23
Frame: 24
Frame: 25
Frame: 26
Frame: 27
Frame: 28
Frame: 29
Frame: 30
Frame: 31
Frame: 32
Frame: 33
Frame: 34
Frame: 35
Frame: 36
Frame: 37
Frame: 38
Frame: 39
Frame: 40
Frame: 41
Frame: 42
Frame: 43
Frame: 44
Frame: 45
Frame: 46
Frame: 47
Frame: 48
Frame: 49
Frame: 50
Frame: 51
Frame: 52
Frame: 53
Frame: 54
Frame: 55
Frame: 56
Frame: 57
Frame: 58
Frame: 59
Frame: 60
Frame: 61
Frame: 62
Frame: 63
Frame: 64
Frame: 65
Frame: 66
Frame: 67
Frame: 68
Frame: 69
Frame: 70
Frame: 71
Frame: 72
Frame: 73
Frame: 74
Frame: 75
Frame: 76
Frame: 77
Frame: 78
Frame: 79
Frame: 80
Frame: 81
Frame: 82
Frame: 83
Frame: 84
Frame: 85
Frame: 86
Frame: 87
Frame: 88
Frame: 89
Frame: 90
Frame: 91
Frame: 92
Frame: 93
Frame: 94
Frame: 95
Frame: 96
Frame: 97
Frame: 98
Frame: 99
Frame: 100
Frame: 101
Frame: 102
Frame: 103
Frame: 104
Frame: 105
Frame: 106
Frame: 107
Frame: 108
Frame: 109
Frame: 110
Frame: 111
Frame: 112
Frame: 113
Frame: 114
Frame: 115
Frame: 116
Frame: 117
Frame: 118
Frame: 119
Frame: 120
Frame: 121
Frame: 122
Frame: 123
Frame: 124
Frame: 125
Frame: 126
Frame: 127
Frame: 128
Frame: 129
Frame: 130
Frame: 131
Frame: 132
Frame: 133
Frame: 134
Frame: 135
Frame: 136
Frame: 137
Frame: 138
Frame: 139
Frame: 140
Frame: 141
Frame: 142
Frame: 143
Frame: 144
Frame: 145
Frame: 146
Frame: 147
Frame: 148
Frame: 149
Frame: 150
Frame: 151
Frame: 152
Frame: 153
Frame: 154
Frame: 155
Frame: 156
Frame: 157
Frame: 158
Frame: 159
Frame: 160
Frame: 161
Frame: 162
Frame: 163
Frame: 164
Frame: 165
Frame: 166
Frame: 167
Frame: 168
Frame: 169
Frame: 170
Frame: 171
Frame: 172
Frame: 173
Frame: 174
Frame: 175
Frame: 176
Frame: 177
Frame: 178
Frame: 179
Frame: 180
Frame: 181
Frame: 182
Frame: 183
Frame: 184
Frame: 185
Frame: 186
Frame: 187
Frame: 188
Frame: 189
Frame: 190
Frame: 191
Frame: 192
Frame: 193
Frame: 194
Frame: 195
Frame: 196
Frame: 197
Frame: 198
Frame: 199
Frame: 200
Frame: 201
Frame: 202
Frame: 203
Frame: 204
Frame: 205
Frame: 206
Frame: 207
Frame: 208
Frame: 209
Frame: 210
Frame: 211
Frame: 212
Frame: 213
Frame: 214
Frame: 215
Frame: 216
Frame: 217
Frame: 218
Frame: 219
Frame: 220
Frame: 221
Frame: 222
Frame: 223
Frame: 224
Frame: 225
Frame: 226
Frame: 227
Frame: 228
Frame: 229
Frame: 230
Frame: 231
Frame: 232
Frame: 233
Frame: 234
Frame: 235
Frame: 236
Frame: 237
Frame: 238
Frame: 239
Frame: 240
Frame: 241
Frame: 242
Frame: 243
Frame: 244
Frame: 245
Frame: 246
Frame: 247
Frame: 248
Frame: 249
Frame: 250
Frame: 251
Frame: 252
Frame: 253
Frame: 254
Frame: 255
Frame: 256
Frame: 257
Frame: 258
Frame: 259
Frame: 260
Frame: 261
Frame: 262
Frame: 263
Frame: 264
Frame: 265
Frame: 266
Frame: 267
Frame: 268
Frame: 269
Frame: 270
Frame: 271
Frame: 272
Frame: 273
Frame: 274
Frame: 275
Frame: 276
Frame: 277
Frame: 278
Frame: 279
Frame: 280
Frame: 281
Frame: 282
Frame: 283
Frame: 284
Frame: 285
Frame: 286
Frame: 287
Frame: 288
Frame: 289
Frame: 290
Frame: 291
Frame: 292
Frame: 293
Frame: 294
Frame: 295
Frame: 296
Frame: 297
Frame: 298
Frame: 299
Frame: 300
Frame: 301
Frame: 302
Frame: 303
Frame: 304
Frame: 305
Frame: 306
Frame: 307
Frame: 308
Frame: 309
Frame: 310
Frame: 311
Frame: 312
Frame: 313
Frame: 314
Frame: 315
Frame: 316
Frame: 317
Frame: 318
Frame: 319
Frame: 320
Frame: 321
Frame: 322
Frame: 323
Frame: 324
Frame: 325
Frame: 326
Frame: 327
Frame: 328
Frame: 329
Frame: 330
Frame: 331
Frame: 332
Frame: 333
Frame: 334
Frame: 335
Frame: 336
Frame: 337
Frame: 338
Frame: 339
Frame: 340
Frame: 341
Frame: 342
Frame: 343
Frame: 344
Frame: 345
Frame: 346
Frame: 347
Frame: 348
Frame: 349
Frame: 350
Frame: 351
Frame: 352
Frame: 353
Frame: 354
Frame: 355
Frame: 356
Frame: 357
Frame: 358
Frame: 359
Frame: 360
dcdplugin) detected standard 32-bit DCD file of native endianness
dcdplugin) CHARMM format DCD file (also NAMD 2.1 and later)
Info) Using plugin dcd for coordinates from file ../../6b73B/results/namd/step7.14_production.dcd-pbc.dcd
Info) Coordinate I/O rate 40.9 frames/sec, 68 MB/sec, 12.2 sec
Info) Finished with coordinate file ../../6b73B/results/namd/step7.14_production.dcd-pbc.dcd.
Frame: 0
Frame: 1
Frame: 2
Frame: 3
Frame: 4
Frame: 5
Frame: 6
Frame: 7
Frame: 8
Frame: 9
Frame: 10
Frame: 11
Frame: 12
Frame: 13
Frame: 14
Frame: 15
Frame: 16
Frame: 17
Frame: 18
Frame: 19
Frame: 20
Frame: 21
Frame: 22
Frame: 23
Frame: 24
Frame: 25
Frame: 26
Frame: 27
Frame: 28
Frame: 29
Frame: 30
Frame: 31
Frame: 32
Frame: 33
Frame: 34
Frame: 35
Frame: 36
Frame: 37
Frame: 38
Frame: 39
Frame: 40
Frame: 41
Frame: 42
Frame: 43
Frame: 44
Frame: 45
Frame: 46
Frame: 47
Frame: 48
Frame: 49
Frame: 50
Frame: 51
Frame: 52
Frame: 53
Frame: 54
Frame: 55
Frame: 56
Frame: 57
Frame: 58
Frame: 59
Frame: 60
Frame: 61
Frame: 62
Frame: 63
Frame: 64
Frame: 65
Frame: 66
Frame: 67
Frame: 68
Frame: 69
Frame: 70
Frame: 71
Frame: 72
Frame: 73
Frame: 74
Frame: 75
Frame: 76
Frame: 77
Frame: 78
Frame: 79
Frame: 80
Frame: 81
Frame: 82
Frame: 83
Frame: 84
Frame: 85
Frame: 86
Frame: 87
Frame: 88
Frame: 89
Frame: 90
Frame: 91
Frame: 92
Frame: 93
Frame: 94
Frame: 95
Frame: 96
Frame: 97
Frame: 98
Frame: 99
Frame: 100
Frame: 101
Frame: 102
Frame: 103
Frame: 104
Frame: 105
Frame: 106
Frame: 107
Frame: 108
Frame: 109
Frame: 110
Frame: 111
Frame: 112
Frame: 113
Frame: 114
Frame: 115
Frame: 116
Frame: 117
Frame: 118
Frame: 119
Frame: 120
Frame: 121
Frame: 122
Frame: 123
Frame: 124
Frame: 125
Frame: 126
Frame: 127
Frame: 128
Frame: 129
Frame: 130
Frame: 131
Frame: 132
Frame: 133
Frame: 134
Frame: 135
Frame: 136
Frame: 137
Frame: 138
Frame: 139
Frame: 140
Frame: 141
Frame: 142
Frame: 143
Frame: 144
Frame: 145
Frame: 146
Frame: 147
Frame: 148
Frame: 149
Frame: 150
Frame: 151
Frame: 152
Frame: 153
Frame: 154
Frame: 155
Frame: 156
Frame: 157
Frame: 158
Frame: 159
Frame: 160
Frame: 161
Frame: 162
Frame: 163
Frame: 164
Frame: 165
Frame: 166
Frame: 167
Frame: 168
Frame: 169
Frame: 170
Frame: 171
Frame: 172
Frame: 173
Frame: 174
Frame: 175
Frame: 176
Frame: 177
Frame: 178
Frame: 179
Frame: 180
Frame: 181
Frame: 182
Frame: 183
Frame: 184
Frame: 185
Frame: 186
Frame: 187
Frame: 188
Frame: 189
Frame: 190
Frame: 191
Frame: 192
Frame: 193
Frame: 194
Frame: 195
Frame: 196
Frame: 197
Frame: 198
Frame: 199
Frame: 200
Frame: 201
Frame: 202
Frame: 203
Frame: 204
Frame: 205
Frame: 206
Frame: 207
Frame: 208
Frame: 209
Frame: 210
Frame: 211
Frame: 212
Frame: 213
Frame: 214
Frame: 215
Frame: 216
Frame: 217
Frame: 218
Frame: 219
Frame: 220
Frame: 221
Frame: 222
Frame: 223
Frame: 224
Frame: 225
Frame: 226
Frame: 227
Frame: 228
Frame: 229
Frame: 230
Frame: 231
Frame: 232
Frame: 233
Frame: 234
Frame: 235
Frame: 236
Frame: 237
Frame: 238
Frame: 239
Frame: 240
Frame: 241
Frame: 242
Frame: 243
Frame: 244
Frame: 245
Frame: 246
Frame: 247
Frame: 248
Frame: 249
Frame: 250
Frame: 251
Frame: 252
Frame: 253
Frame: 254
Frame: 255
Frame: 256
Frame: 257
Frame: 258
Frame: 259
Frame: 260
Frame: 261
Frame: 262
Frame: 263
Frame: 264
Frame: 265
Frame: 266
Frame: 267
Frame: 268
Frame: 269
Frame: 270
Frame: 271
Frame: 272
Frame: 273
Frame: 274
Frame: 275
Frame: 276
Frame: 277
Frame: 278
Frame: 279
Frame: 280
Frame: 281
Frame: 282
Frame: 283
Frame: 284
Frame: 285
Frame: 286
Frame: 287
Frame: 288
Frame: 289
Frame: 290
Frame: 291
Frame: 292
Frame: 293
Frame: 294
Frame: 295
Frame: 296
Frame: 297
Frame: 298
Frame: 299
Frame: 300
Frame: 301
Frame: 302
Frame: 303
Frame: 304
Frame: 305
Frame: 306
Frame: 307
Frame: 308
Frame: 309
Frame: 310
Frame: 311
Frame: 312
Frame: 313
Frame: 314
Frame: 315
Frame: 316
Frame: 317
Frame: 318
Frame: 319
Frame: 320
Frame: 321
Frame: 322
Frame: 323
Frame: 324
Frame: 325
Frame: 326
Frame: 327
Frame: 328
Frame: 329
Frame: 330
Frame: 331
Frame: 332
Frame: 333
Frame: 334
Frame: 335
Frame: 336
Frame: 337
Frame: 338
Frame: 339
Frame: 340
Frame: 341
Frame: 342
Frame: 343
Frame: 344
Frame: 345
Frame: 346
Frame: 347
Frame: 348
Frame: 349
Frame: 350
Frame: 351
Frame: 352
Frame: 353
Frame: 354
Frame: 355
Frame: 356
Frame: 357
Frame: 358
Frame: 359
Frame: 360
Frame: 361
Frame: 362
Frame: 363
Frame: 364
Frame: 365
Frame: 366
Frame: 367
Frame: 368
Frame: 369
Frame: 370
Frame: 371
Frame: 372
Frame: 373
Frame: 374
Frame: 375
Frame: 376
Frame: 377
Frame: 378
Frame: 379
Frame: 380
Frame: 381
Frame: 382
Frame: 383
Frame: 384
Frame: 385
Frame: 386
Frame: 387
Frame: 388
Frame: 389
Frame: 390
Frame: 391
Frame: 392
Frame: 393
Frame: 394
Frame: 395
Frame: 396
Frame: 397
Frame: 398
Frame: 399
Frame: 400
Frame: 401
Frame: 402
Frame: 403
Frame: 404
Frame: 405
Frame: 406
Frame: 407
Frame: 408
Frame: 409
Frame: 410
Frame: 411
Frame: 412
Frame: 413
Frame: 414
Frame: 415
Frame: 416
Frame: 417
Frame: 418
Frame: 419
Frame: 420
Frame: 421
Frame: 422
Frame: 423
Frame: 424
Frame: 425
Frame: 426
Frame: 427
Frame: 428
Frame: 429
Frame: 430
Frame: 431
Frame: 432
Frame: 433
Frame: 434
Frame: 435
Frame: 436
Frame: 437
Frame: 438
Frame: 439
Frame: 440
Frame: 441
Frame: 442
Frame: 443
Frame: 444
Frame: 445
Frame: 446
Frame: 447
Frame: 448
Frame: 449
Frame: 450
Frame: 451
Frame: 452
Frame: 453
Frame: 454
Frame: 455
Frame: 456
Frame: 457
Frame: 458
Frame: 459
Frame: 460
Frame: 461
Frame: 462
Frame: 463
Frame: 464
Frame: 465
Frame: 466
Frame: 467
Frame: 468
Frame: 469
Frame: 470
Frame: 471
Frame: 472
Frame: 473
Frame: 474
Frame: 475
Frame: 476
Frame: 477
Frame: 478
Frame: 479
Frame: 480
Frame: 481
Frame: 482
Frame: 483
Frame: 484
Frame: 485
Frame: 486
Frame: 487
Frame: 488
Frame: 489
Frame: 490
Frame: 491
Frame: 492
Frame: 493
Frame: 494
Frame: 495
Frame: 496
Frame: 497
Frame: 498
Frame: 499
dcdplugin) detected standard 32-bit DCD file of native endianness
dcdplugin) CHARMM format DCD file (also NAMD 2.1 and later)
Info) Using plugin dcd for coordinates from file ../../6b73B/results/namd/step7.15_production.dcd-pbc.dcd
Info) Coordinate I/O rate 38.1 frames/sec, 63 MB/sec, 13.1 sec
Info) Finished with coordinate file ../../6b73B/results/namd/step7.15_production.dcd-pbc.dcd.
Frame: 0
Frame: 1
Frame: 2
Frame: 3
Frame: 4
Frame: 5
Frame: 6
Frame: 7
Frame: 8
Frame: 9
Frame: 10
Frame: 11
Frame: 12
Frame: 13
Frame: 14
Frame: 15
Frame: 16
Frame: 17
Frame: 18
Frame: 19
Frame: 20
Frame: 21
Frame: 22
Frame: 23
Frame: 24
Frame: 25
Frame: 26
Frame: 27
Frame: 28
Frame: 29
Frame: 30
Frame: 31
Frame: 32
Frame: 33
Frame: 34
Frame: 35
Frame: 36
Frame: 37
Frame: 38
Frame: 39
Frame: 40
Frame: 41
Frame: 42
Frame: 43
Frame: 44
Frame: 45
Frame: 46
Frame: 47
Frame: 48
Frame: 49
Frame: 50
Frame: 51
Frame: 52
Frame: 53
Frame: 54
Frame: 55
Frame: 56
Frame: 57
Frame: 58
Frame: 59
Frame: 60
Frame: 61
Frame: 62
Frame: 63
Frame: 64
Frame: 65
Frame: 66
Frame: 67
Frame: 68
Frame: 69
Frame: 70
Frame: 71
Frame: 72
Frame: 73
Frame: 74
Frame: 75
Frame: 76
Frame: 77
Frame: 78
Frame: 79
Frame: 80
Frame: 81
Frame: 82
Frame: 83
Frame: 84
Frame: 85
Frame: 86
Frame: 87
Frame: 88
Frame: 89
Frame: 90
Frame: 91
Frame: 92
Frame: 93
Frame: 94
Frame: 95
Frame: 96
Frame: 97
Frame: 98
Frame: 99
Frame: 100
Frame: 101
Frame: 102
Frame: 103
Frame: 104
Frame: 105
Frame: 106
Frame: 107
Frame: 108
Frame: 109
Frame: 110
Frame: 111
Frame: 112
Frame: 113
Frame: 114
Frame: 115
Frame: 116
Frame: 117
Frame: 118
Frame: 119
Frame: 120
Frame: 121
Frame: 122
Frame: 123
Frame: 124
Frame: 125
Frame: 126
Frame: 127
Frame: 128
Frame: 129
Frame: 130
Frame: 131
Frame: 132
Frame: 133
Frame: 134
Frame: 135
Frame: 136
Frame: 137
Frame: 138
Frame: 139
Frame: 140
Frame: 141
Frame: 142
Frame: 143
Frame: 144
Frame: 145
Frame: 146
Frame: 147
Frame: 148
Frame: 149
Frame: 150
Frame: 151
Frame: 152
Frame: 153
Frame: 154
Frame: 155
Frame: 156
Frame: 157
Frame: 158
Frame: 159
Frame: 160
Frame: 161
Frame: 162
Frame: 163
Frame: 164
Frame: 165
Frame: 166
Frame: 167
Frame: 168
Frame: 169
Frame: 170
Frame: 171
Frame: 172
Frame: 173
Frame: 174
Frame: 175
Frame: 176
Frame: 177
Frame: 178
Frame: 179
Frame: 180
Frame: 181
Frame: 182
Frame: 183
Frame: 184
Frame: 185
Frame: 186
Frame: 187
Frame: 188
Frame: 189
Frame: 190
Frame: 191
Frame: 192
Frame: 193
Frame: 194
Frame: 195
Frame: 196
Frame: 197
Frame: 198
Frame: 199
Frame: 200
Frame: 201
Frame: 202
Frame: 203
Frame: 204
Frame: 205
Frame: 206
Frame: 207
Frame: 208
Frame: 209
Frame: 210
Frame: 211
Frame: 212
Frame: 213
Frame: 214
Frame: 215
Frame: 216
Frame: 217
Frame: 218
Frame: 219
Frame: 220
Frame: 221
Frame: 222
Frame: 223
Frame: 224
Frame: 225
Frame: 226
Frame: 227
Frame: 228
Frame: 229
Frame: 230
Frame: 231
Frame: 232
Frame: 233
Frame: 234
Frame: 235
Frame: 236
Frame: 237
Frame: 238
Frame: 239
Frame: 240
Frame: 241
Frame: 242
Frame: 243
Frame: 244
Frame: 245
Frame: 246
Frame: 247
Frame: 248
Frame: 249
Frame: 250
Frame: 251
Frame: 252
Frame: 253
Frame: 254
Frame: 255
Frame: 256
Frame: 257
Frame: 258
Frame: 259
Frame: 260
Frame: 261
Frame: 262
Frame: 263
Frame: 264
Frame: 265
Frame: 266
Frame: 267
Frame: 268
Frame: 269
Frame: 270
Frame: 271
Frame: 272
Frame: 273
Frame: 274
Frame: 275
Frame: 276
Frame: 277
Frame: 278
Frame: 279
Frame: 280
Frame: 281
Frame: 282
Frame: 283
Frame: 284
Frame: 285
Frame: 286
Frame: 287
Frame: 288
Frame: 289
Frame: 290
Frame: 291
Frame: 292
Frame: 293
Frame: 294
Frame: 295
Frame: 296
Frame: 297
Frame: 298
Frame: 299
Frame: 300
Frame: 301
Frame: 302
Frame: 303
Frame: 304
Frame: 305
Frame: 306
Frame: 307
Frame: 308
Frame: 309
Frame: 310
Frame: 311
Frame: 312
Frame: 313
Frame: 314
Frame: 315
Frame: 316
Frame: 317
Frame: 318
Frame: 319
Frame: 320
Frame: 321
Frame: 322
Frame: 323
Frame: 324
Frame: 325
Frame: 326
Frame: 327
Frame: 328
Frame: 329
Frame: 330
Frame: 331
Frame: 332
Frame: 333
Frame: 334
Frame: 335
Frame: 336
Frame: 337
Frame: 338
Frame: 339
Frame: 340
Frame: 341
Frame: 342
Frame: 343
Frame: 344
Frame: 345
Frame: 346
Frame: 347
Frame: 348
Frame: 349
Frame: 350
Frame: 351
Frame: 352
Frame: 353
Frame: 354
Frame: 355
Frame: 356
Frame: 357
Frame: 358
Frame: 359
Frame: 360
Frame: 361
Frame: 362
Frame: 363
Frame: 364
Frame: 365
Frame: 366
Frame: 367
Frame: 368
Frame: 369
Frame: 370
Frame: 371
Frame: 372
Frame: 373
Frame: 374
Frame: 375
Frame: 376
Frame: 377
Frame: 378
Frame: 379
Frame: 380
Frame: 381
Frame: 382
Frame: 383
Frame: 384
Frame: 385
Frame: 386
Frame: 387
Frame: 388
Frame: 389
Frame: 390
Frame: 391
Frame: 392
Frame: 393
Frame: 394
Frame: 395
Frame: 396
Frame: 397
Frame: 398
Frame: 399
Frame: 400
Frame: 401
Frame: 402
Frame: 403
Frame: 404
Frame: 405
Frame: 406
Frame: 407
Frame: 408
Frame: 409
Frame: 410
Frame: 411
Frame: 412
Frame: 413
Frame: 414
Frame: 415
Frame: 416
Frame: 417
Frame: 418
Frame: 419
Frame: 420
Frame: 421
Frame: 422
Frame: 423
Frame: 424
Frame: 425
Frame: 426
Frame: 427
Frame: 428
Frame: 429
Frame: 430
Frame: 431
Frame: 432
Frame: 433
Frame: 434
Frame: 435
Frame: 436
Frame: 437
Frame: 438
Frame: 439
Frame: 440
Frame: 441
Frame: 442
Frame: 443
Frame: 444
Frame: 445
Frame: 446
Frame: 447
Frame: 448
Frame: 449
Frame: 450
Frame: 451
Frame: 452
Frame: 453
Frame: 454
Frame: 455
Frame: 456
Frame: 457
Frame: 458
Frame: 459
Frame: 460
Frame: 461
Frame: 462
Frame: 463
Frame: 464
Frame: 465
Frame: 466
Frame: 467
Frame: 468
Frame: 469
Frame: 470
Frame: 471
Frame: 472
Frame: 473
Frame: 474
Frame: 475
Frame: 476
Frame: 477
Frame: 478
Frame: 479
Frame: 480
Frame: 481
Frame: 482
Frame: 483
Frame: 484
Frame: 485
Frame: 486
Frame: 487
Frame: 488
Frame: 489
Frame: 490
Frame: 491
Frame: 492
Frame: 493
Frame: 494
Frame: 495
Frame: 496
Frame: 497
Frame: 498
Frame: 499
dcdplugin) detected standard 32-bit DCD file of native endianness
dcdplugin) CHARMM format DCD file (also NAMD 2.1 and later)
Info) Using plugin dcd for coordinates from file ../../6b73B/results/namd/step7.16_production.dcd-pbc.dcd
Info) Coordinate I/O rate 38.0 frames/sec, 63 MB/sec, 13.2 sec
Info) Finished with coordinate file ../../6b73B/results/namd/step7.16_production.dcd-pbc.dcd.
Frame: 0
Frame: 1
Frame: 2
Frame: 3
Frame: 4
Frame: 5
Frame: 6
Frame: 7
Frame: 8
Frame: 9
Frame: 10
Frame: 11
Frame: 12
Frame: 13
Frame: 14
Frame: 15
Frame: 16
Frame: 17
Frame: 18
Frame: 19
Frame: 20
Frame: 21
Frame: 22
Frame: 23
Frame: 24
Frame: 25
Frame: 26
Frame: 27
Frame: 28
Frame: 29
Frame: 30
Frame: 31
Frame: 32
Frame: 33
Frame: 34
Frame: 35
Frame: 36
Frame: 37
Frame: 38
Frame: 39
Frame: 40
Frame: 41
Frame: 42
Frame: 43
Frame: 44
Frame: 45
Frame: 46
Frame: 47
Frame: 48
Frame: 49
Frame: 50
Frame: 51
Frame: 52
Frame: 53
Frame: 54
Frame: 55
Frame: 56
Frame: 57
Frame: 58
Frame: 59
Frame: 60
Frame: 61
Frame: 62
Frame: 63
Frame: 64
Frame: 65
Frame: 66
Frame: 67
Frame: 68
Frame: 69
Frame: 70
Frame: 71
Frame: 72
Frame: 73
Frame: 74
Frame: 75
Frame: 76
Frame: 77
Frame: 78
Frame: 79
Frame: 80
Frame: 81
Frame: 82
Frame: 83
Frame: 84
Frame: 85
Frame: 86
Frame: 87
Frame: 88
Frame: 89
Frame: 90
Frame: 91
Frame: 92
Frame: 93
Frame: 94
Frame: 95
Frame: 96
Frame: 97
Frame: 98
Frame: 99
Frame: 100
Frame: 101
Frame: 102
Frame: 103
Frame: 104
Frame: 105
Frame: 106
Frame: 107
Frame: 108
Frame: 109
Frame: 110
Frame: 111
Frame: 112
Frame: 113
Frame: 114
Frame: 115
Frame: 116
Frame: 117
Frame: 118
Frame: 119
Frame: 120
Frame: 121
Frame: 122
Frame: 123
Frame: 124
Frame: 125
Frame: 126
Frame: 127
Frame: 128
Frame: 129
Frame: 130
Frame: 131
Frame: 132
Frame: 133
Frame: 134
Frame: 135
Frame: 136
Frame: 137
Frame: 138
Frame: 139
Frame: 140
Frame: 141
Frame: 142
Frame: 143
Frame: 144
Frame: 145
Frame: 146
Frame: 147
Frame: 148
Frame: 149
Frame: 150
Frame: 151
Frame: 152
Frame: 153
Frame: 154
Frame: 155
Frame: 156
Frame: 157
Frame: 158
Frame: 159
Frame: 160
Frame: 161
Frame: 162
Frame: 163
Frame: 164
Frame: 165
Frame: 166
Frame: 167
Frame: 168
Frame: 169
Frame: 170
Frame: 171
Frame: 172
Frame: 173
Frame: 174
Frame: 175
Frame: 176
Frame: 177
Frame: 178
Frame: 179
Frame: 180
Frame: 181
Frame: 182
Frame: 183
Frame: 184
Frame: 185
Frame: 186
Frame: 187
Frame: 188
Frame: 189
Frame: 190
Frame: 191
Frame: 192
Frame: 193
Frame: 194
Frame: 195
Frame: 196
Frame: 197
Frame: 198
Frame: 199
Frame: 200
Frame: 201
Frame: 202
Frame: 203
Frame: 204
Frame: 205
Frame: 206
Frame: 207
Frame: 208
Frame: 209
Frame: 210
Frame: 211
Frame: 212
Frame: 213
Frame: 214
Frame: 215
Frame: 216
Frame: 217
Frame: 218
Frame: 219
Frame: 220
Frame: 221
Frame: 222
Frame: 223
Frame: 224
Frame: 225
Frame: 226
Frame: 227
Frame: 228
Frame: 229
Frame: 230
Frame: 231
Frame: 232
Frame: 233
Frame: 234
Frame: 235
Frame: 236
Frame: 237
Frame: 238
Frame: 239
Frame: 240
Frame: 241
Frame: 242
Frame: 243
Frame: 244
Frame: 245
Frame: 246
Frame: 247
Frame: 248
Frame: 249
Frame: 250
Frame: 251
Frame: 252
Frame: 253
Frame: 254
Frame: 255
Frame: 256
Frame: 257
Frame: 258
Frame: 259
Frame: 260
Frame: 261
Frame: 262
Frame: 263
Frame: 264
Frame: 265
Frame: 266
Frame: 267
Frame: 268
Frame: 269
Frame: 270
Frame: 271
Frame: 272
Frame: 273
Frame: 274
Frame: 275
Frame: 276
Frame: 277
Frame: 278
Frame: 279
Frame: 280
Frame: 281
Frame: 282
Frame: 283
Frame: 284
Frame: 285
Frame: 286
Frame: 287
Frame: 288
Frame: 289
Frame: 290
Frame: 291
Frame: 292
Frame: 293
Frame: 294
Frame: 295
Frame: 296
Frame: 297
Frame: 298
Frame: 299
Frame: 300
Frame: 301
Frame: 302
Frame: 303
Frame: 304
Frame: 305
Frame: 306
Frame: 307
Frame: 308
Frame: 309
Frame: 310
Frame: 311
Frame: 312
Frame: 313
Frame: 314
Frame: 315
Frame: 316
Frame: 317
Frame: 318
Frame: 319
Frame: 320
Frame: 321
Frame: 322
Frame: 323
Frame: 324
Frame: 325
Frame: 326
Frame: 327
Frame: 328
Frame: 329
Frame: 330
Frame: 331
Frame: 332
Frame: 333
Frame: 334
Frame: 335
Frame: 336
Frame: 337
Frame: 338
Frame: 339
Frame: 340
Frame: 341
Frame: 342
Frame: 343
Frame: 344
Frame: 345
Frame: 346
Frame: 347
Frame: 348
Frame: 349
Frame: 350
Frame: 351
Frame: 352
Frame: 353
Frame: 354
Frame: 355
Frame: 356
Frame: 357
Frame: 358
Frame: 359
Frame: 360
Frame: 361
Frame: 362
Frame: 363
Frame: 364
Frame: 365
Frame: 366
Frame: 367
Frame: 368
Frame: 369
Frame: 370
Frame: 371
Frame: 372
Frame: 373
Frame: 374
Frame: 375
Frame: 376
Frame: 377
Frame: 378
Frame: 379
Frame: 380
Frame: 381
Frame: 382
Frame: 383
Frame: 384
Frame: 385
Frame: 386
Frame: 387
Frame: 388
Frame: 389
Frame: 390
Frame: 391
Frame: 392
Frame: 393
Frame: 394
Frame: 395
Frame: 396
Frame: 397
Frame: 398
Frame: 399
Frame: 400
Frame: 401
Frame: 402
Frame: 403
Frame: 404
Frame: 405
Frame: 406
Frame: 407
Frame: 408
Frame: 409
Frame: 410
Frame: 411
Frame: 412
Frame: 413
Frame: 414
Frame: 415
Frame: 416
Frame: 417
Frame: 418
Frame: 419
Frame: 420
Frame: 421
Frame: 422
Frame: 423
Frame: 424
Frame: 425
Frame: 426
Frame: 427
Frame: 428
Frame: 429
Frame: 430
Frame: 431
Frame: 432
Frame: 433
Frame: 434
Frame: 435
Frame: 436
Frame: 437
Frame: 438
Frame: 439
Frame: 440
Frame: 441
Frame: 442
Frame: 443
Frame: 444
Frame: 445
Frame: 446
Frame: 447
Frame: 448
Frame: 449
Frame: 450
Frame: 451
Frame: 452
Frame: 453
Frame: 454
Frame: 455
Frame: 456
Frame: 457
Frame: 458
Frame: 459
Frame: 460
Frame: 461
Frame: 462
Frame: 463
Frame: 464
Frame: 465
Frame: 466
Frame: 467
Frame: 468
Frame: 469
Frame: 470
Frame: 471
Frame: 472
Frame: 473
Frame: 474
Frame: 475
Frame: 476
Frame: 477
Frame: 478
Frame: 479
Frame: 480
Frame: 481
Frame: 482
Frame: 483
Frame: 484
Frame: 485
Frame: 486
Frame: 487
Frame: 488
Frame: 489
Frame: 490
Frame: 491
Frame: 492
Frame: 493
Frame: 494
Frame: 495
Frame: 496
Frame: 497
Frame: 498
Frame: 499
dcdplugin) detected standard 32-bit DCD file of native endianness
dcdplugin) CHARMM format DCD file (also NAMD 2.1 and later)
Info) Using plugin dcd for coordinates from file ../../6b73B/results/namd/step7.17_production.dcd-pbc.dcd
Info) Coordinate I/O rate 38.3 frames/sec, 64 MB/sec, 13.0 sec
Info) Finished with coordinate file ../../6b73B/results/namd/step7.17_production.dcd-pbc.dcd.
Frame: 0
Frame: 1
Frame: 2
Frame: 3
Frame: 4
Frame: 5
Frame: 6
Frame: 7
Frame: 8
Frame: 9
Frame: 10
Frame: 11
Frame: 12
Frame: 13
Frame: 14
Frame: 15
Frame: 16
Frame: 17
Frame: 18
Frame: 19
Frame: 20
Frame: 21
Frame: 22
Frame: 23
Frame: 24
Frame: 25
Frame: 26
Frame: 27
Frame: 28
Frame: 29
Frame: 30
Frame: 31
Frame: 32
Frame: 33
Frame: 34
Frame: 35
Frame: 36
Frame: 37
Frame: 38
Frame: 39
Frame: 40
Frame: 41
Frame: 42
Frame: 43
Frame: 44
Frame: 45
Frame: 46
Frame: 47
Frame: 48
Frame: 49
Frame: 50
Frame: 51
Frame: 52
Frame: 53
Frame: 54
Frame: 55
Frame: 56
Frame: 57
Frame: 58
Frame: 59
Frame: 60
Frame: 61
Frame: 62
Frame: 63
Frame: 64
Frame: 65
Frame: 66
Frame: 67
Frame: 68
Frame: 69
Frame: 70
Frame: 71
Frame: 72
Frame: 73
Frame: 74
Frame: 75
Frame: 76
Frame: 77
Frame: 78
Frame: 79
Frame: 80
Frame: 81
Frame: 82
Frame: 83
Frame: 84
Frame: 85
Frame: 86
Frame: 87
Frame: 88
Frame: 89
Frame: 90
Frame: 91
Frame: 92
Frame: 93
Frame: 94
Frame: 95
Frame: 96
Frame: 97
Frame: 98
Frame: 99
Frame: 100
Frame: 101
Frame: 102
Frame: 103
Frame: 104
Frame: 105
Frame: 106
Frame: 107
Frame: 108
Frame: 109
Frame: 110
Frame: 111
Frame: 112
Frame: 113
Frame: 114
Frame: 115
Frame: 116
Frame: 117
Frame: 118
Frame: 119
Frame: 120
Frame: 121
Frame: 122
Frame: 123
Frame: 124
Frame: 125
Frame: 126
Frame: 127
Frame: 128
Frame: 129
Frame: 130
Frame: 131
Frame: 132
Frame: 133
Frame: 134
Frame: 135
Frame: 136
Frame: 137
Frame: 138
Frame: 139
Frame: 140
Frame: 141
Frame: 142
Frame: 143
Frame: 144
Frame: 145
Frame: 146
Frame: 147
Frame: 148
Frame: 149
Frame: 150
Frame: 151
Frame: 152
Frame: 153
Frame: 154
Frame: 155
Frame: 156
Frame: 157
Frame: 158
Frame: 159
Frame: 160
Frame: 161
Frame: 162
Frame: 163
Frame: 164
Frame: 165
Frame: 166
Frame: 167
Frame: 168
Frame: 169
Frame: 170
Frame: 171
Frame: 172
Frame: 173
Frame: 174
Frame: 175
Frame: 176
Frame: 177
Frame: 178
Frame: 179
Frame: 180
Frame: 181
Frame: 182
Frame: 183
Frame: 184
Frame: 185
Frame: 186
Frame: 187
Frame: 188
Frame: 189
Frame: 190
Frame: 191
Frame: 192
Frame: 193
Frame: 194
Frame: 195
Frame: 196
Frame: 197
Frame: 198
Frame: 199
Frame: 200
Frame: 201
Frame: 202
Frame: 203
Frame: 204
Frame: 205
Frame: 206
Frame: 207
Frame: 208
Frame: 209
Frame: 210
Frame: 211
Frame: 212
Frame: 213
Frame: 214
Frame: 215
Frame: 216
Frame: 217
Frame: 218
Frame: 219
Frame: 220
Frame: 221
Frame: 222
Frame: 223
Frame: 224
Frame: 225
Frame: 226
Frame: 227
Frame: 228
Frame: 229
Frame: 230
Frame: 231
Frame: 232
Frame: 233
Frame: 234
Frame: 235
Frame: 236
Frame: 237
Frame: 238
Frame: 239
Frame: 240
Frame: 241
Frame: 242
Frame: 243
Frame: 244
Frame: 245
Frame: 246
Frame: 247
Frame: 248
Frame: 249
Frame: 250
Frame: 251
Frame: 252
Frame: 253
Frame: 254
Frame: 255
Frame: 256
Frame: 257
Frame: 258
Frame: 259
Frame: 260
Frame: 261
Frame: 262
Frame: 263
Frame: 264
Frame: 265
Frame: 266
Frame: 267
Frame: 268
Frame: 269
Frame: 270
Frame: 271
Frame: 272
Frame: 273
Frame: 274
Frame: 275
Frame: 276
Frame: 277
Frame: 278
Frame: 279
Frame: 280
Frame: 281
Frame: 282
Frame: 283
Frame: 284
Frame: 285
Frame: 286
Frame: 287
Frame: 288
Frame: 289
Frame: 290
Frame: 291
Frame: 292
Frame: 293
Frame: 294
Frame: 295
Frame: 296
Frame: 297
Frame: 298
Frame: 299
Frame: 300
Frame: 301
Frame: 302
Frame: 303
Frame: 304
Frame: 305
Frame: 306
Frame: 307
Frame: 308
Frame: 309
Frame: 310
Frame: 311
Frame: 312
Frame: 313
Frame: 314
Frame: 315
Frame: 316
Frame: 317
Frame: 318
Frame: 319
Frame: 320
Frame: 321
Frame: 322
Frame: 323
Frame: 324
Frame: 325
Frame: 326
Frame: 327
Frame: 328
Frame: 329
Frame: 330
Frame: 331
Frame: 332
Frame: 333
Frame: 334
Frame: 335
Frame: 336
Frame: 337
Frame: 338
Frame: 339
Frame: 340
Frame: 341
Frame: 342
Frame: 343
Frame: 344
Frame: 345
Frame: 346
Frame: 347
Frame: 348
Frame: 349
Frame: 350
Frame: 351
Frame: 352
Frame: 353
Frame: 354
Frame: 355
Frame: 356
Frame: 357
Frame: 358
Frame: 359
Frame: 360
Frame: 361
Frame: 362
Frame: 363
Frame: 364
Frame: 365
Frame: 366
Frame: 367
Frame: 368
Frame: 369
Frame: 370
Frame: 371
Frame: 372
Frame: 373
Frame: 374
Frame: 375
Frame: 376
Frame: 377
Frame: 378
Frame: 379
Frame: 380
Frame: 381
Frame: 382
Frame: 383
Frame: 384
Frame: 385
Frame: 386
Frame: 387
Frame: 388
Frame: 389
Frame: 390
Frame: 391
Frame: 392
Frame: 393
Frame: 394
Frame: 395
Frame: 396
Frame: 397
Frame: 398
Frame: 399
Frame: 400
Frame: 401
Frame: 402
Frame: 403
Frame: 404
Frame: 405
Frame: 406
Frame: 407
Frame: 408
Frame: 409
Frame: 410
Frame: 411
Frame: 412
Frame: 413
Frame: 414
Frame: 415
Frame: 416
Frame: 417
Frame: 418
Frame: 419
Frame: 420
Frame: 421
Frame: 422
Frame: 423
Frame: 424
Frame: 425
Frame: 426
Frame: 427
Frame: 428
Frame: 429
Frame: 430
Frame: 431
Frame: 432
Frame: 433
Frame: 434
Frame: 435
Frame: 436
Frame: 437
Frame: 438
Frame: 439
Frame: 440
Frame: 441
Frame: 442
Frame: 443
Frame: 444
Frame: 445
Frame: 446
Frame: 447
Frame: 448
Frame: 449
Frame: 450
Frame: 451
Frame: 452
Frame: 453
Frame: 454
Frame: 455
Frame: 456
Frame: 457
Frame: 458
Frame: 459
Frame: 460
Frame: 461
Frame: 462
Frame: 463
Frame: 464
Frame: 465
Frame: 466
Frame: 467
Frame: 468
Frame: 469
Frame: 470
Frame: 471
Frame: 472
Frame: 473
Frame: 474
Frame: 475
Frame: 476
Frame: 477
Frame: 478
Frame: 479
Frame: 480
Frame: 481
Frame: 482
Frame: 483
Frame: 484
Frame: 485
Frame: 486
Frame: 487
Frame: 488
Frame: 489
Frame: 490
Frame: 491
Frame: 492
Frame: 493
Frame: 494
Frame: 495
Frame: 496
Frame: 497
Frame: 498
Frame: 499
Done
Info) VMD for LINUXAMD64, version 1.9.3 (November 30, 2016)
Info) Exiting normally.
vmd > 